[ 2017-06-07T01:00:27+08:00 ] ::1 /ttxw/Index/index.html
INFO: [ app_init ] --START--
INFO: Run Behavior\BuildLiteBehavior [ RunTime:0.000000s ]
INFO: [ app_init ] --END-- [ RunTime:0.088006s ]
INFO: [ app_begin ] --START--
INFO: Run Behavior\ReadHtmlCacheBehavior [ RunTime:0.012001s ]
INFO: [ app_begin ] --END-- [ RunTime:0.012001s ]

[ 2017-06-07T01:00:28+08:00 ] ::1 /ttxw/Home/Login/login.html
INFO: [ app_init ] --START--
INFO: Run Behavior\BuildLiteBehavior [ RunTime:0.000000s ]
INFO: [ app_init ] --END-- [ RunTime:0.001000s ]
INFO: [ app_begin ] --START--
INFO: Run Behavior\ReadHtmlCacheBehavior [ RunTime:0.000000s ]
INFO: [ app_begin ] --END-- [ RunTime:0.000000s ]
INFO: [ view_parse ] --START--
INFO: [ template_filter ] --START--
INFO: Run Behavior\ContentReplaceBehavior [ RunTime:0.028001s ]
INFO: [ template_filter ] --END-- [ RunTime:0.028001s ]
INFO: Run Behavior\ParseTemplateBehavior [ RunTime:0.269016s ]
INFO: [ view_parse ] --END-- [ RunTime:0.269016s ]
INFO: [ view_filter ] --START--
INFO: Run Behavior\WriteHtmlCacheBehavior [ RunTime:0.027001s ]
INFO: [ view_filter ] --END-- [ RunTime:0.027001s ]
INFO: [ app_end ] --START--
INFO: Run Behavior\ShowPageTraceBehavior [ RunTime:0.025002s ]
INFO: [ app_end ] --END-- [ RunTime:0.025002s ]

[ 2017-06-07T01:00:28+08:00 ] ::1 /ttxw/Public/static/Images/login-bg-1.jpg
INFO: [ app_init ] --START--
INFO: Run Behavior\BuildLiteBehavior [ RunTime:0.000000s ]
INFO: [ app_init ] --END-- [ RunTime:0.000000s ]

[ 2017-06-07T01:00:28+08:00 ] ::1 /ttxw/Home/Login/verify_c.html
INFO: [ app_init ] --START--
INFO: Run Behavior\BuildLiteBehavior [ RunTime:0.000000s ]
INFO: [ app_init ] --END-- [ RunTime:0.001000s ]
INFO: [ app_begin ] --START--
INFO: Run Behavior\ReadHtmlCacheBehavior [ RunTime:0.001000s ]
INFO: [ app_begin ] --END-- [ RunTime:0.001000s ]
INFO: [ app_end ] --START--
INFO: Run Behavior\ShowPageTraceBehavior [ RunTime:0.001000s ]
INFO: [ app_end ] --END-- [ RunTime:0.001000s ]

[ 2017-06-07T01:00:44+08:00 ] ::1 /ttxw/Login/check_verifycode.html
INFO: [ app_init ] --START--
INFO: Run Behavior\BuildLiteBehavior [ RunTime:0.000000s ]
INFO: [ app_init ] --END-- [ RunTime:0.001000s ]
INFO: [ app_begin ] --START--
INFO: Run Behavior\ReadHtmlCacheBehavior [ RunTime:0.001001s ]
INFO: [ app_begin ] --END-- [ RunTime:0.001001s ]
NOTIC: [8] Undefined variable: id G:\xampp\htdocs\ttxw\Application\Home\Controller\LoginController.class.php 第 49 行.

[ 2017-06-07T01:00:45+08:00 ] ::1 /ttxw/Login/check_login.html
INFO: [ app_init ] --START--
INFO: Run Behavior\BuildLiteBehavior [ RunTime:0.000000s ]
INFO: [ app_init ] --END-- [ RunTime:0.000000s ]
INFO: [ app_begin ] --START--
INFO: Run Behavior\ReadHtmlCacheBehavior [ RunTime:0.001001s ]
INFO: [ app_begin ] --END-- [ RunTime:0.001001s ]
SQL: SHOW COLUMNS FROM `ttxw_sysuser` [ RunTime:0.4290s ]
SQL: SELECT * FROM `ttxw_sysuser` WHERE `sysu_account` = 'admin' AND `sysu_pwd` = '10470c3b4b1fed12c3baac014be15fac67c6e815'  [ RunTime:0.0920s ]

[ 2017-06-07T01:00:45+08:00 ] ::1 /ttxw/Index/index.html
INFO: [ app_init ] --START--
INFO: Run Behavior\BuildLiteBehavior [ RunTime:0.000000s ]
INFO: [ app_init ] --END-- [ RunTime:0.000000s ]
INFO: [ app_begin ] --START--
INFO: Run Behavior\ReadHtmlCacheBehavior [ RunTime:0.000000s ]
INFO: [ app_begin ] --END-- [ RunTime:0.000000s ]
SQL: SHOW COLUMNS FROM `ttxw_sysuser` [ RunTime:0.0050s ]
SQL: SELECT ttxw_role.role_name role,ttxw_sysuser.sysu_name name,ttxw_sysuser.sysu_photo photo FROM `ttxw_sysuser` INNER JOIN ttxw_role ON ttxw_role.role_id = ttxw_role.role_id  WHERE ttxw_sysuser.sysu_account = 'admin' LIMIT 1   [ RunTime:0.0020s ]
INFO: [ view_parse ] --START--
INFO: [ template_filter ] --START--
INFO: Run Behavior\ContentReplaceBehavior [ RunTime:0.000000s ]
INFO: [ template_filter ] --END-- [ RunTime:0.000000s ]
NOTIC: [8] Undefined index: img G:\xampp\htdocs\ttxw\Runtime\Cache\Home\d4ea57e018bcaebd76bd4736ad257054.php 第 35 行.
INFO: Run Behavior\ParseTemplateBehavior [ RunTime:0.042002s ]
INFO: [ view_parse ] --END-- [ RunTime:0.042002s ]
INFO: [ view_filter ] --START--
INFO: Run Behavior\WriteHtmlCacheBehavior [ RunTime:0.000000s ]
INFO: [ view_filter ] --END-- [ RunTime:0.000000s ]
INFO: [ app_end ] --START--
INFO: Run Behavior\ShowPageTraceBehavior [ RunTime:0.001000s ]
INFO: [ app_end ] --END-- [ RunTime:0.001000s ]

[ 2017-06-07T01:00:45+08:00 ] ::1 /ttxw/index.php/Home/Index/main
INFO: [ app_init ] --START--
INFO: Run Behavior\BuildLiteBehavior [ RunTime:0.000000s ]
INFO: [ app_init ] --END-- [ RunTime:0.001000s ]
INFO: [ app_begin ] --START--
INFO: Run Behavior\ReadHtmlCacheBehavior [ RunTime:0.000000s ]
INFO: [ app_begin ] --END-- [ RunTime:0.000000s ]
INFO: [ view_parse ] --START--
INFO: [ template_filter ] --START--
INFO: Run Behavior\ContentReplaceBehavior [ RunTime:0.000000s ]
INFO: [ template_filter ] --END-- [ RunTime:0.000000s ]
INFO: Run Behavior\ParseTemplateBehavior [ RunTime:0.005000s ]
INFO: [ view_parse ] --END-- [ RunTime:0.005000s ]
INFO: [ view_filter ] --START--
INFO: Run Behavior\WriteHtmlCacheBehavior [ RunTime:0.001000s ]
INFO: [ view_filter ] --END-- [ RunTime:0.001000s ]
INFO: [ app_end ] --START--
INFO: Run Behavior\ShowPageTraceBehavior [ RunTime:0.000000s ]
INFO: [ app_end ] --END-- [ RunTime:0.000000s ]

[ 2017-06-07T01:00:46+08:00 ] ::1 /ttxw/Home/Index/GetMenulist.html
INFO: [ app_init ] --START--
INFO: Run Behavior\BuildLiteBehavior [ RunTime:0.000000s ]
INFO: [ app_init ] --END-- [ RunTime:0.000000s ]
INFO: [ app_begin ] --START--
INFO: Run Behavior\ReadHtmlCacheBehavior [ RunTime:0.001000s ]
INFO: [ app_begin ] --END-- [ RunTime:0.001000s ]
SQL: SHOW COLUMNS FROM `ttxw_menu` [ RunTime:0.0030s ]
SQL: SELECT `menu_id`,`menu_name`,`menu_url`,`menu_icon` FROM `ttxw_menu` WHERE `menu_fid` = 0  [ RunTime:0.0130s ]
SQL: SHOW COLUMNS FROM `ttxw_menu` [ RunTime:0.0020s ]
SQL: SELECT `menu_id`,`menu_name`,`menu_url`,`menu_icon` FROM `ttxw_menu` WHERE `menu_fid` = 1  [ RunTime:0.0010s ]
SQL: SELECT `menu_id`,`menu_name`,`menu_url`,`menu_icon` FROM `ttxw_menu` WHERE `menu_fid` = 2  [ RunTime:0.0000s ]
SQL: SELECT `menu_id`,`menu_name`,`menu_url`,`menu_icon` FROM `ttxw_menu` WHERE `menu_fid` = 4  [ RunTime:0.0000s ]
SQL: SELECT `menu_id`,`menu_name`,`menu_url`,`menu_icon` FROM `ttxw_menu` WHERE `menu_fid` = 7  [ RunTime:0.0000s ]
SQL: SELECT `menu_id`,`menu_name`,`menu_url`,`menu_icon` FROM `ttxw_menu` WHERE `menu_fid` = 8  [ RunTime:0.0000s ]

[ 2017-06-07T01:00:48+08:00 ] ::1 /ttxw/index.php/Home/News/News_index
INFO: [ app_init ] --START--
INFO: Run Behavior\BuildLiteBehavior [ RunTime:0.000000s ]
INFO: [ app_init ] --END-- [ RunTime:0.001001s ]
INFO: [ app_begin ] --START--
INFO: Run Behavior\ReadHtmlCacheBehavior [ RunTime:0.000000s ]
INFO: [ app_begin ] --END-- [ RunTime:0.000000s ]
SQL: SHOW COLUMNS FROM `ttxw_news` [ RunTime:0.0400s ]
SQL: SHOW COLUMNS FROM `ttxw_news` [ RunTime:0.0030s ]
SQL: SELECT COUNT(*) AS tp_count FROM `ttxw_news` WHERE ttxw_news.del_flag = 0 LIMIT 1   [ RunTime:0.0480s ]
SQL: SELECT ttxw_sysuser.sysu_name sname,ttxw_column.column_name cname,ttxw_news.news_id news_id,ttxw_news.news_date news_date,ttxw_news.news_title news_title,ttxw_news.news_content news_content,ttxw_news.del_flag del_flag FROM `ttxw_news` INNER JOIN ttxw_column ON ttxw_column.column_id = ttxw_news.column_id INNER JOIN ttxw_sysuser ON ttxw_sysuser.sysu_id = ttxw_news.sysu_id  WHERE ttxw_news.del_flag = 0 LIMIT 0,3   [ RunTime:0.0340s ]
SQL: SHOW COLUMNS FROM `ttxw_column` [ RunTime:0.0030s ]
SQL: SELECT * FROM `ttxw_column`  [ RunTime:0.0000s ]
SQL: SHOW COLUMNS FROM `ttxw_sysuser` [ RunTime:0.0020s ]
SQL: SELECT * FROM `ttxw_sysuser` WHERE ( role_id = 2 )  [ RunTime:0.0000s ]
NOTIC: [8] Undefined variable: content G:\xampp\htdocs\ttxw\Application\Home\Controller\NewsController.class.php 第 42 行.
INFO: [ view_parse ] --START--
INFO: [ template_filter ] --START--
INFO: Run Behavior\ContentReplaceBehavior [ RunTime:0.000000s ]
INFO: [ template_filter ] --END-- [ RunTime:0.000000s ]
INFO: Run Behavior\ParseTemplateBehavior [ RunTime:0.010000s ]
INFO: [ view_parse ] --END-- [ RunTime:0.010000s ]
INFO: [ view_filter ] --START--
INFO: Run Behavior\WriteHtmlCacheBehavior [ RunTime:0.000000s ]
INFO: [ view_filter ] --END-- [ RunTime:0.000000s ]
INFO: [ app_end ] --START--
INFO: Run Behavior\ShowPageTraceBehavior [ RunTime:0.001000s ]
INFO: [ app_end ] --END-- [ RunTime:0.001000s ]

[ 2017-06-07T01:06:54+08:00 ] ::1 /ttxw/Index/index.html
INFO: [ app_init ] --START--
INFO: Run Behavior\BuildLiteBehavior [ RunTime:0.000000s ]
INFO: [ app_init ] --END-- [ RunTime:0.001000s ]
INFO: [ app_begin ] --START--
INFO: Run Behavior\ReadHtmlCacheBehavior [ RunTime:0.001000s ]
INFO: [ app_begin ] --END-- [ RunTime:0.001000s ]
SQL: SHOW COLUMNS FROM `ttxw_sysuser` [ RunTime:0.0020s ]
SQL: SELECT ttxw_role.role_name role,ttxw_sysuser.sysu_name name,ttxw_sysuser.sysu_photo photo FROM `ttxw_sysuser` INNER JOIN ttxw_role ON ttxw_role.role_id = ttxw_role.role_id  WHERE ttxw_sysuser.sysu_account = 'admin' LIMIT 1   [ RunTime:0.0000s ]
INFO: [ view_parse ] --START--
INFO: [ template_filter ] --START--
INFO: Run Behavior\ContentReplaceBehavior [ RunTime:0.001001s ]
INFO: [ template_filter ] --END-- [ RunTime:0.001001s ]
NOTIC: [8] Undefined index: img G:\xampp\htdocs\ttxw\Runtime\Cache\Home\d4ea57e018bcaebd76bd4736ad257054.php 第 35 行.
INFO: Run Behavior\ParseTemplateBehavior [ RunTime:0.007001s ]
INFO: [ view_parse ] --END-- [ RunTime:0.007001s ]
INFO: [ view_filter ] --START--
INFO: Run Behavior\WriteHtmlCacheBehavior [ RunTime:0.000000s ]
INFO: [ view_filter ] --END-- [ RunTime:0.000000s ]
INFO: [ app_end ] --START--
INFO: Run Behavior\ShowPageTraceBehavior [ RunTime:0.001000s ]
INFO: [ app_end ] --END-- [ RunTime:0.001000s ]

[ 2017-06-07T01:06:54+08:00 ] ::1 /ttxw/index.php/Home/Index/main
INFO: [ app_init ] --START--
INFO: Run Behavior\BuildLiteBehavior [ RunTime:0.000000s ]
INFO: [ app_init ] --END-- [ RunTime:0.001000s ]
INFO: [ app_begin ] --START--
INFO: Run Behavior\ReadHtmlCacheBehavior [ RunTime:0.000000s ]
INFO: [ app_begin ] --END-- [ RunTime:0.000000s ]
INFO: [ view_parse ] --START--
INFO: [ template_filter ] --START--
INFO: Run Behavior\ContentReplaceBehavior [ RunTime:0.000000s ]
INFO: [ template_filter ] --END-- [ RunTime:0.000000s ]
INFO: Run Behavior\ParseTemplateBehavior [ RunTime:0.006001s ]
INFO: [ view_parse ] --END-- [ RunTime:0.006001s ]
INFO: [ view_filter ] --START--
INFO: Run Behavior\WriteHtmlCacheBehavior [ RunTime:0.000000s ]
INFO: [ view_filter ] --END-- [ RunTime:0.000000s ]
INFO: [ app_end ] --START--
INFO: Run Behavior\ShowPageTraceBehavior [ RunTime:0.001000s ]
INFO: [ app_end ] --END-- [ RunTime:0.001000s ]

[ 2017-06-07T01:06:54+08:00 ] ::1 /ttxw/Home/Index/GetMenulist.html
INFO: [ app_init ] --START--
INFO: Run Behavior\BuildLiteBehavior [ RunTime:0.000000s ]
INFO: [ app_init ] --END-- [ RunTime:0.001000s ]
INFO: [ app_begin ] --START--
INFO: Run Behavior\ReadHtmlCacheBehavior [ RunTime:0.000000s ]
INFO: [ app_begin ] --END-- [ RunTime:0.000000s ]
SQL: SHOW COLUMNS FROM `ttxw_menu` [ RunTime:0.0010s ]
SQL: SELECT `menu_id`,`menu_name`,`menu_url`,`menu_icon` FROM `ttxw_menu` WHERE `menu_fid` = 0  [ RunTime:0.0000s ]
SQL: SHOW COLUMNS FROM `ttxw_menu` [ RunTime:0.0020s ]
SQL: SELECT `menu_id`,`menu_name`,`menu_url`,`menu_icon` FROM `ttxw_menu` WHERE `menu_fid` = 1  [ RunTime:0.0000s ]
SQL: SELECT `menu_id`,`menu_name`,`menu_url`,`menu_icon` FROM `ttxw_menu` WHERE `menu_fid` = 2  [ RunTime:0.0000s ]
SQL: SELECT `menu_id`,`menu_name`,`menu_url`,`menu_icon` FROM `ttxw_menu` WHERE `menu_fid` = 4  [ RunTime:0.0000s ]
SQL: SELECT `menu_id`,`menu_name`,`menu_url`,`menu_icon` FROM `ttxw_menu` WHERE `menu_fid` = 7  [ RunTime:0.0000s ]
SQL: SELECT `menu_id`,`menu_name`,`menu_url`,`menu_icon` FROM `ttxw_menu` WHERE `menu_fid` = 8  [ RunTime:0.0000s ]

[ 2017-06-07T01:06:55+08:00 ] ::1 /ttxw/index.php/Home/News/News_index
INFO: [ app_init ] --START--
INFO: Run Behavior\BuildLiteBehavior [ RunTime:0.000000s ]
INFO: [ app_init ] --END-- [ RunTime:0.000000s ]
INFO: [ app_begin ] --START--
INFO: Run Behavior\ReadHtmlCacheBehavior [ RunTime:0.001000s ]
INFO: [ app_begin ] --END-- [ RunTime:0.001000s ]
SQL: SHOW COLUMNS FROM `ttxw_news` [ RunTime:0.0020s ]
SQL: SHOW COLUMNS FROM `ttxw_news` [ RunTime:0.0020s ]
SQL: SELECT COUNT(*) AS tp_count FROM `ttxw_news` WHERE ttxw_news.del_flag = 0 LIMIT 1   [ RunTime:0.0010s ]
SQL: SELECT ttxw_sysuser.sysu_name sname,ttxw_column.column_name cname,ttxw_news.news_id news_id,ttxw_news.news_date news_date,ttxw_news.news_title news_title,ttxw_news.news_content news_content,ttxw_news.del_flag del_flag FROM `ttxw_news` INNER JOIN ttxw_column ON ttxw_column.column_id = ttxw_news.column_id INNER JOIN ttxw_sysuser ON ttxw_sysuser.sysu_id = ttxw_news.sysu_id  WHERE ttxw_news.del_flag = 0 LIMIT 0,3   [ RunTime:0.0010s ]
SQL: SHOW COLUMNS FROM `ttxw_column` [ RunTime:0.0020s ]
SQL: SELECT * FROM `ttxw_column`  [ RunTime:0.0000s ]
SQL: SHOW COLUMNS FROM `ttxw_sysuser` [ RunTime:0.0020s ]
SQL: SELECT * FROM `ttxw_sysuser` WHERE ( role_id = 2 )  [ RunTime:0.0000s ]
NOTIC: [8] Undefined variable: content G:\xampp\htdocs\ttxw\Application\Home\Controller\NewsController.class.php 第 43 行.
INFO: [ view_parse ] --START--
INFO: [ template_filter ] --START--
INFO: Run Behavior\ContentReplaceBehavior [ RunTime:0.000000s ]
INFO: [ template_filter ] --END-- [ RunTime:0.000000s ]
INFO: Run Behavior\ParseTemplateBehavior [ RunTime:0.010001s ]
INFO: [ view_parse ] --END-- [ RunTime:0.010001s ]
INFO: [ view_filter ] --START--
INFO: Run Behavior\WriteHtmlCacheBehavior [ RunTime:0.000000s ]
INFO: [ view_filter ] --END-- [ RunTime:0.000000s ]
INFO: [ app_end ] --START--
INFO: Run Behavior\ShowPageTraceBehavior [ RunTime:0.001000s ]
INFO: [ app_end ] --END-- [ RunTime:0.001000s ]

[ 2017-06-07T01:08:30+08:00 ] ::1 /ttxw/Index/index.html
INFO: [ app_init ] --START--
INFO: Run Behavior\BuildLiteBehavior [ RunTime:0.000000s ]
INFO: [ app_init ] --END-- [ RunTime:0.001000s ]
INFO: [ app_begin ] --START--
INFO: Run Behavior\ReadHtmlCacheBehavior [ RunTime:0.000000s ]
INFO: [ app_begin ] --END-- [ RunTime:0.000000s ]
SQL: SHOW COLUMNS FROM `ttxw_sysuser` [ RunTime:0.0020s ]
SQL: SELECT ttxw_role.role_name role,ttxw_sysuser.sysu_name name,ttxw_sysuser.sysu_photo photo FROM `ttxw_sysuser` INNER JOIN ttxw_role ON ttxw_role.role_id = ttxw_role.role_id  WHERE ttxw_sysuser.sysu_account = 'admin' LIMIT 1   [ RunTime:0.0000s ]
INFO: [ view_parse ] --START--
INFO: [ template_filter ] --START--
INFO: Run Behavior\ContentReplaceBehavior [ RunTime:0.000000s ]
INFO: [ template_filter ] --END-- [ RunTime:0.000000s ]
NOTIC: [8] Undefined index: img G:\xampp\htdocs\ttxw\Runtime\Cache\Home\d4ea57e018bcaebd76bd4736ad257054.php 第 35 行.
INFO: Run Behavior\ParseTemplateBehavior [ RunTime:0.007000s ]
INFO: [ view_parse ] --END-- [ RunTime:0.007000s ]
INFO: [ view_filter ] --START--
INFO: Run Behavior\WriteHtmlCacheBehavior [ RunTime:0.001000s ]
INFO: [ view_filter ] --END-- [ RunTime:0.001000s ]
INFO: [ app_end ] --START--
INFO: Run Behavior\ShowPageTraceBehavior [ RunTime:0.000000s ]
INFO: [ app_end ] --END-- [ RunTime:0.000000s ]

[ 2017-06-07T01:08:30+08:00 ] ::1 /ttxw/index.php/Home/Index/main
INFO: [ app_init ] --START--
INFO: Run Behavior\BuildLiteBehavior [ RunTime:0.000000s ]
INFO: [ app_init ] --END-- [ RunTime:0.001000s ]
INFO: [ app_begin ] --START--
INFO: Run Behavior\ReadHtmlCacheBehavior [ RunTime:0.001000s ]
INFO: [ app_begin ] --END-- [ RunTime:0.001000s ]
INFO: [ view_parse ] --START--
INFO: [ template_filter ] --START--
INFO: Run Behavior\ContentReplaceBehavior [ RunTime:0.000000s ]
INFO: [ template_filter ] --END-- [ RunTime:0.000000s ]
INFO: Run Behavior\ParseTemplateBehavior [ RunTime:0.006000s ]
INFO: [ view_parse ] --END-- [ RunTime:0.006000s ]
INFO: [ view_filter ] --START--
INFO: Run Behavior\WriteHtmlCacheBehavior [ RunTime:0.000000s ]
INFO: [ view_filter ] --END-- [ RunTime:0.000000s ]
INFO: [ app_end ] --START--
INFO: Run Behavior\ShowPageTraceBehavior [ RunTime:0.001000s ]
INFO: [ app_end ] --END-- [ RunTime:0.001000s ]

[ 2017-06-07T01:08:31+08:00 ] ::1 /ttxw/Home/Index/GetMenulist.html
INFO: [ app_init ] --START--
INFO: Run Behavior\BuildLiteBehavior [ RunTime:0.000000s ]
INFO: [ app_init ] --END-- [ RunTime:0.000000s ]
INFO: [ app_begin ] --START--
INFO: Run Behavior\ReadHtmlCacheBehavior [ RunTime:0.001000s ]
INFO: [ app_begin ] --END-- [ RunTime:0.001000s ]
SQL: SHOW COLUMNS FROM `ttxw_menu` [ RunTime:0.0020s ]
SQL: SELECT `menu_id`,`menu_name`,`menu_url`,`menu_icon` FROM `ttxw_menu` WHERE `menu_fid` = 0  [ RunTime:0.0010s ]
SQL: SHOW COLUMNS FROM `ttxw_menu` [ RunTime:0.0020s ]
SQL: SELECT `menu_id`,`menu_name`,`menu_url`,`menu_icon` FROM `ttxw_menu` WHERE `menu_fid` = 1  [ RunTime:0.0000s ]
SQL: SELECT `menu_id`,`menu_name`,`menu_url`,`menu_icon` FROM `ttxw_menu` WHERE `menu_fid` = 2  [ RunTime:0.0000s ]
SQL: SELECT `menu_id`,`menu_name`,`menu_url`,`menu_icon` FROM `ttxw_menu` WHERE `menu_fid` = 4  [ RunTime:0.0010s ]
SQL: SELECT `menu_id`,`menu_name`,`menu_url`,`menu_icon` FROM `ttxw_menu` WHERE `menu_fid` = 7  [ RunTime:0.0000s ]
SQL: SELECT `menu_id`,`menu_name`,`menu_url`,`menu_icon` FROM `ttxw_menu` WHERE `menu_fid` = 8  [ RunTime:0.0000s ]

[ 2017-06-07T01:08:32+08:00 ] ::1 /ttxw/index.php/Home/News/News_index
INFO: [ app_init ] --START--
INFO: Run Behavior\BuildLiteBehavior [ RunTime:0.000000s ]
INFO: [ app_init ] --END-- [ RunTime:0.000000s ]
INFO: [ app_begin ] --START--
INFO: Run Behavior\ReadHtmlCacheBehavior [ RunTime:0.001000s ]
INFO: [ app_begin ] --END-- [ RunTime:0.001000s ]
SQL: SHOW COLUMNS FROM `ttxw_news` [ RunTime:0.0020s ]
SQL: SHOW COLUMNS FROM `ttxw_news` [ RunTime:0.0020s ]
SQL: SELECT COUNT(*) AS tp_count FROM `ttxw_news` WHERE ttxw_news.del_flag = 0 LIMIT 1   [ RunTime:0.0010s ]
SQL: SELECT ttxw_sysuser.sysu_name sname,ttxw_column.column_name cname,ttxw_news.news_id news_id,ttxw_news.news_date news_date,ttxw_news.news_title news_title,ttxw_news.news_content news_content,ttxw_news.del_flag del_flag FROM `ttxw_news` INNER JOIN ttxw_column ON ttxw_column.column_id = ttxw_news.column_id INNER JOIN ttxw_sysuser ON ttxw_sysuser.sysu_id = ttxw_news.sysu_id  WHERE ttxw_news.del_flag = 0 LIMIT 0,3   [ RunTime:0.0010s ]
SQL: SHOW COLUMNS FROM `ttxw_column` [ RunTime:0.0030s ]
SQL: SELECT * FROM `ttxw_column`  [ RunTime:0.0010s ]
SQL: SHOW COLUMNS FROM `ttxw_sysuser` [ RunTime:0.0020s ]
SQL: SELECT * FROM `ttxw_sysuser` WHERE ( role_id = 2 )  [ RunTime:0.0000s ]
NOTIC: [8] Undefined variable: content G:\xampp\htdocs\ttxw\Application\Home\Controller\NewsController.class.php 第 43 行.
INFO: [ view_parse ] --START--
INFO: [ template_filter ] --START--
INFO: Run Behavior\ContentReplaceBehavior [ RunTime:0.000000s ]
INFO: [ template_filter ] --END-- [ RunTime:0.000000s ]
INFO: Run Behavior\ParseTemplateBehavior [ RunTime:0.011001s ]
INFO: [ view_parse ] --END-- [ RunTime:0.011001s ]
INFO: [ view_filter ] --START--
INFO: Run Behavior\WriteHtmlCacheBehavior [ RunTime:0.001000s ]
INFO: [ view_filter ] --END-- [ RunTime:0.001000s ]
INFO: [ app_end ] --START--
INFO: Run Behavior\ShowPageTraceBehavior [ RunTime:0.001000s ]
INFO: [ app_end ] --END-- [ RunTime:0.001000s ]

[ 2017-06-07T01:09:35+08:00 ] ::1 /ttxw/Index/index.html
INFO: [ app_init ] --START--
INFO: Run Behavior\BuildLiteBehavior [ RunTime:0.000000s ]
INFO: [ app_init ] --END-- [ RunTime:0.000000s ]
INFO: [ app_begin ] --START--
INFO: Run Behavior\ReadHtmlCacheBehavior [ RunTime:0.001000s ]
INFO: [ app_begin ] --END-- [ RunTime:0.001000s ]
SQL: SHOW COLUMNS FROM `ttxw_sysuser` [ RunTime:0.0020s ]
SQL: SELECT ttxw_role.role_name role,ttxw_sysuser.sysu_name name,ttxw_sysuser.sysu_photo photo FROM `ttxw_sysuser` INNER JOIN ttxw_role ON ttxw_role.role_id = ttxw_role.role_id  WHERE ttxw_sysuser.sysu_account = 'admin' LIMIT 1   [ RunTime:0.0000s ]
INFO: [ view_parse ] --START--
INFO: [ template_filter ] --START--
INFO: Run Behavior\ContentReplaceBehavior [ RunTime:0.000000s ]
INFO: [ template_filter ] --END-- [ RunTime:0.000000s ]
NOTIC: [8] Undefined index: img G:\xampp\htdocs\ttxw\Runtime\Cache\Home\d4ea57e018bcaebd76bd4736ad257054.php 第 35 行.
INFO: Run Behavior\ParseTemplateBehavior [ RunTime:0.006000s ]
INFO: [ view_parse ] --END-- [ RunTime:0.006000s ]
INFO: [ view_filter ] --START--
INFO: Run Behavior\WriteHtmlCacheBehavior [ RunTime:0.000000s ]
INFO: [ view_filter ] --END-- [ RunTime:0.000000s ]
INFO: [ app_end ] --START--
INFO: Run Behavior\ShowPageTraceBehavior [ RunTime:0.001000s ]
INFO: [ app_end ] --END-- [ RunTime:0.001000s ]

[ 2017-06-07T01:09:35+08:00 ] ::1 /ttxw/index.php/Home/Index/main
INFO: [ app_init ] --START--
INFO: Run Behavior\BuildLiteBehavior [ RunTime:0.000000s ]
INFO: [ app_init ] --END-- [ RunTime:0.000000s ]
INFO: [ app_begin ] --START--
INFO: Run Behavior\ReadHtmlCacheBehavior [ RunTime:0.000000s ]
INFO: [ app_begin ] --END-- [ RunTime:0.000000s ]
INFO: [ view_parse ] --START--
INFO: [ template_filter ] --START--
INFO: Run Behavior\ContentReplaceBehavior [ RunTime:0.000000s ]
INFO: [ template_filter ] --END-- [ RunTime:0.000000s ]
INFO: Run Behavior\ParseTemplateBehavior [ RunTime:0.007001s ]
INFO: [ view_parse ] --END-- [ RunTime:0.007001s ]
INFO: [ view_filter ] --START--
INFO: Run Behavior\WriteHtmlCacheBehavior [ RunTime:0.001000s ]
INFO: [ view_filter ] --END-- [ RunTime:0.001000s ]
INFO: [ app_end ] --START--
INFO: Run Behavior\ShowPageTraceBehavior [ RunTime:0.001000s ]
INFO: [ app_end ] --END-- [ RunTime:0.001000s ]

[ 2017-06-07T01:09:36+08:00 ] ::1 /ttxw/Home/Index/GetMenulist.html
INFO: [ app_init ] --START--
INFO: Run Behavior\BuildLiteBehavior [ RunTime:0.000000s ]
INFO: [ app_init ] --END-- [ RunTime:0.000000s ]
INFO: [ app_begin ] --START--
INFO: Run Behavior\ReadHtmlCacheBehavior [ RunTime:0.001000s ]
INFO: [ app_begin ] --END-- [ RunTime:0.001000s ]
SQL: SHOW COLUMNS FROM `ttxw_menu` [ RunTime:0.0020s ]
SQL: SELECT `menu_id`,`menu_name`,`menu_url`,`menu_icon` FROM `ttxw_menu` WHERE `menu_fid` = 0  [ RunTime:0.0010s ]
SQL: SHOW COLUMNS FROM `ttxw_menu` [ RunTime:0.0020s ]
SQL: SELECT `menu_id`,`menu_name`,`menu_url`,`menu_icon` FROM `ttxw_menu` WHERE `menu_fid` = 1  [ RunTime:0.0000s ]
SQL: SELECT `menu_id`,`menu_name`,`menu_url`,`menu_icon` FROM `ttxw_menu` WHERE `menu_fid` = 2  [ RunTime:0.0000s ]
SQL: SELECT `menu_id`,`menu_name`,`menu_url`,`menu_icon` FROM `ttxw_menu` WHERE `menu_fid` = 4  [ RunTime:0.0010s ]
SQL: SELECT `menu_id`,`menu_name`,`menu_url`,`menu_icon` FROM `ttxw_menu` WHERE `menu_fid` = 7  [ RunTime:0.0000s ]
SQL: SELECT `menu_id`,`menu_name`,`menu_url`,`menu_icon` FROM `ttxw_menu` WHERE `menu_fid` = 8  [ RunTime:0.0010s ]

[ 2017-06-07T01:09:37+08:00 ] ::1 /ttxw/index.php/Home/News/News_index
INFO: [ app_init ] --START--
INFO: Run Behavior\BuildLiteBehavior [ RunTime:0.000000s ]
INFO: [ app_init ] --END-- [ RunTime:0.001000s ]
INFO: [ app_begin ] --START--
INFO: Run Behavior\ReadHtmlCacheBehavior [ RunTime:0.001001s ]
INFO: [ app_begin ] --END-- [ RunTime:0.001001s ]
SQL: SHOW COLUMNS FROM `ttxw_news` [ RunTime:0.0040s ]
SQL: SHOW COLUMNS FROM `ttxw_news` [ RunTime:0.0020s ]
SQL: SELECT COUNT(*) AS tp_count FROM `ttxw_news` WHERE ttxw_news.del_flag = 0 LIMIT 1   [ RunTime:0.0000s ]
SQL: SELECT ttxw_sysuser.sysu_name sname,ttxw_column.column_name cname,ttxw_news.news_id news_id,ttxw_news.news_date news_date,ttxw_news.news_title news_title,ttxw_news.news_content news_content,ttxw_news.del_flag del_flag FROM `ttxw_news` INNER JOIN ttxw_column ON ttxw_column.column_id = ttxw_news.column_id INNER JOIN ttxw_sysuser ON ttxw_sysuser.sysu_id = ttxw_news.sysu_id  WHERE ttxw_news.del_flag = 0 LIMIT 0,3   [ RunTime:0.0000s ]
SQL: SHOW COLUMNS FROM `ttxw_column` [ RunTime:0.0010s ]
SQL: SELECT * FROM `ttxw_column`  [ RunTime:0.0000s ]
SQL: SHOW COLUMNS FROM `ttxw_sysuser` [ RunTime:0.0020s ]
SQL: SELECT * FROM `ttxw_sysuser` WHERE ( role_id = 2 )  [ RunTime:0.0000s ]
NOTIC: [8] Undefined variable: content G:\xampp\htdocs\ttxw\Application\Home\Controller\NewsController.class.php 第 43 行.
INFO: [ view_parse ] --START--
INFO: [ template_filter ] --START--
INFO: Run Behavior\ContentReplaceBehavior [ RunTime:0.000000s ]
INFO: [ template_filter ] --END-- [ RunTime:0.000000s ]
INFO: Run Behavior\ParseTemplateBehavior [ RunTime:0.012000s ]
INFO: [ view_parse ] --END-- [ RunTime:0.012000s ]
INFO: [ view_filter ] --START--
INFO: Run Behavior\WriteHtmlCacheBehavior [ RunTime:0.000000s ]
INFO: [ view_filter ] --END-- [ RunTime:0.000000s ]
INFO: [ app_end ] --START--
INFO: Run Behavior\ShowPageTraceBehavior [ RunTime:0.001000s ]
INFO: [ app_end ] --END-- [ RunTime:0.001000s ]

[ 2017-06-07T01:11:22+08:00 ] ::1 /ttxw/Index/index.html
INFO: [ app_init ] --START--
INFO: Run Behavior\BuildLiteBehavior [ RunTime:0.000000s ]
INFO: [ app_init ] --END-- [ RunTime:0.001000s ]
INFO: [ app_begin ] --START--
INFO: Run Behavior\ReadHtmlCacheBehavior [ RunTime:0.001000s ]
INFO: [ app_begin ] --END-- [ RunTime:0.001000s ]
SQL: SHOW COLUMNS FROM `ttxw_sysuser` [ RunTime:0.0040s ]
SQL: SELECT ttxw_role.role_name role,ttxw_sysuser.sysu_name name,ttxw_sysuser.sysu_photo photo FROM `ttxw_sysuser` INNER JOIN ttxw_role ON ttxw_role.role_id = ttxw_role.role_id  WHERE ttxw_sysuser.sysu_account = 'admin' LIMIT 1   [ RunTime:0.0010s ]
INFO: [ view_parse ] --START--
INFO: [ template_filter ] --START--
INFO: Run Behavior\ContentReplaceBehavior [ RunTime:0.000000s ]
INFO: [ template_filter ] --END-- [ RunTime:0.000000s ]
NOTIC: [8] Undefined index: img G:\xampp\htdocs\ttxw\Runtime\Cache\Home\d4ea57e018bcaebd76bd4736ad257054.php 第 35 行.
INFO: Run Behavior\ParseTemplateBehavior [ RunTime:0.011001s ]
INFO: [ view_parse ] --END-- [ RunTime:0.011001s ]
INFO: [ view_filter ] --START--
INFO: Run Behavior\WriteHtmlCacheBehavior [ RunTime:0.001000s ]
INFO: [ view_filter ] --END-- [ RunTime:0.001000s ]
INFO: [ app_end ] --START--
INFO: Run Behavior\ShowPageTraceBehavior [ RunTime:0.002000s ]
INFO: [ app_end ] --END-- [ RunTime:0.002000s ]

[ 2017-06-07T01:11:23+08:00 ] ::1 /ttxw/index.php/Home/Index/main
INFO: [ app_init ] --START--
INFO: Run Behavior\BuildLiteBehavior [ RunTime:0.000000s ]
INFO: [ app_init ] --END-- [ RunTime:0.000000s ]
INFO: [ app_begin ] --START--
INFO: Run Behavior\ReadHtmlCacheBehavior [ RunTime:0.000000s ]
INFO: [ app_begin ] --END-- [ RunTime:0.000000s ]
INFO: [ view_parse ] --START--
INFO: [ template_filter ] --START--
INFO: Run Behavior\ContentReplaceBehavior [ RunTime:0.000000s ]
INFO: [ template_filter ] --END-- [ RunTime:0.000000s ]
INFO: Run Behavior\ParseTemplateBehavior [ RunTime:0.005000s ]
INFO: [ view_parse ] --END-- [ RunTime:0.005000s ]
INFO: [ view_filter ] --START--
INFO: Run Behavior\WriteHtmlCacheBehavior [ RunTime:0.001000s ]
INFO: [ view_filter ] --END-- [ RunTime:0.001000s ]
INFO: [ app_end ] --START--
INFO: Run Behavior\ShowPageTraceBehavior [ RunTime:0.001000s ]
INFO: [ app_end ] --END-- [ RunTime:0.001000s ]

[ 2017-06-07T01:11:23+08:00 ] ::1 /ttxw/Home/Index/GetMenulist.html
INFO: [ app_init ] --START--
INFO: Run Behavior\BuildLiteBehavior [ RunTime:0.000000s ]
INFO: [ app_init ] --END-- [ RunTime:0.000000s ]
INFO: [ app_begin ] --START--
INFO: Run Behavior\ReadHtmlCacheBehavior [ RunTime:0.001000s ]
INFO: [ app_begin ] --END-- [ RunTime:0.001000s ]
SQL: SHOW COLUMNS FROM `ttxw_menu` [ RunTime:0.0020s ]
SQL: SELECT `menu_id`,`menu_name`,`menu_url`,`menu_icon` FROM `ttxw_menu` WHERE `menu_fid` = 0  [ RunTime:0.0010s ]
SQL: SHOW COLUMNS FROM `ttxw_menu` [ RunTime:0.0020s ]
SQL: SELECT `menu_id`,`menu_name`,`menu_url`,`menu_icon` FROM `ttxw_menu` WHERE `menu_fid` = 1  [ RunTime:0.0000s ]
SQL: SELECT `menu_id`,`menu_name`,`menu_url`,`menu_icon` FROM `ttxw_menu` WHERE `menu_fid` = 2  [ RunTime:0.0000s ]
SQL: SELECT `menu_id`,`menu_name`,`menu_url`,`menu_icon` FROM `ttxw_menu` WHERE `menu_fid` = 4  [ RunTime:0.0010s ]
SQL: SELECT `menu_id`,`menu_name`,`menu_url`,`menu_icon` FROM `ttxw_menu` WHERE `menu_fid` = 7  [ RunTime:0.0000s ]
SQL: SELECT `menu_id`,`menu_name`,`menu_url`,`menu_icon` FROM `ttxw_menu` WHERE `menu_fid` = 8  [ RunTime:0.0000s ]

[ 2017-06-07T01:11:26+08:00 ] ::1 /ttxw/index.php/Home/News/News_index
INFO: [ app_init ] --START--
INFO: Run Behavior\BuildLiteBehavior [ RunTime:0.000000s ]
INFO: [ app_init ] --END-- [ RunTime:0.000000s ]
INFO: [ app_begin ] --START--
INFO: Run Behavior\ReadHtmlCacheBehavior [ RunTime:0.001000s ]
INFO: [ app_begin ] --END-- [ RunTime:0.001000s ]
SQL: SHOW COLUMNS FROM `ttxw_news` [ RunTime:0.0020s ]
SQL: SHOW COLUMNS FROM `ttxw_news` [ RunTime:0.0020s ]
SQL: SELECT COUNT(*) AS tp_count FROM `ttxw_news` WHERE ttxw_news.del_flag = 0 LIMIT 1   [ RunTime:0.0000s ]
SQL: SELECT ttxw_sysuser.sysu_name sname,ttxw_column.column_name cname,ttxw_news.news_id news_id,ttxw_news.news_date news_date,ttxw_news.news_title news_title,ttxw_news.news_content news_content,ttxw_news.del_flag del_flag FROM `ttxw_news` INNER JOIN ttxw_column ON ttxw_column.column_id = ttxw_news.column_id INNER JOIN ttxw_sysuser ON ttxw_sysuser.sysu_id = ttxw_news.sysu_id  WHERE ttxw_news.del_flag = 0 LIMIT 0,3   [ RunTime:0.0010s ]
SQL: SHOW COLUMNS FROM `ttxw_column` [ RunTime:0.0030s ]
SQL: SELECT * FROM `ttxw_column`  [ RunTime:0.0000s ]
SQL: SHOW COLUMNS FROM `ttxw_sysuser` [ RunTime:0.0030s ]
SQL: SELECT * FROM `ttxw_sysuser` WHERE ( role_id = 2 )  [ RunTime:0.0000s ]
NOTIC: [8] Undefined variable: content G:\xampp\htdocs\ttxw\Application\Home\Controller\NewsController.class.php 第 43 行.
INFO: [ view_parse ] --START--
INFO: [ template_filter ] --START--
INFO: Run Behavior\ContentReplaceBehavior [ RunTime:0.000000s ]
INFO: [ template_filter ] --END-- [ RunTime:0.001000s ]
INFO: Run Behavior\ParseTemplateBehavior [ RunTime:0.009000s ]
INFO: [ view_parse ] --END-- [ RunTime:0.009000s ]
INFO: [ view_filter ] --START--
INFO: Run Behavior\WriteHtmlCacheBehavior [ RunTime:0.001000s ]
INFO: [ view_filter ] --END-- [ RunTime:0.001000s ]
INFO: [ app_end ] --START--
INFO: Run Behavior\ShowPageTraceBehavior [ RunTime:0.001000s ]
INFO: [ app_end ] --END-- [ RunTime:0.001000s ]

[ 2017-06-07T01:11:28+08:00 ] ::1 /ttxw/News/News_index.html?del_flag=1
INFO: [ app_init ] --START--
INFO: Run Behavior\BuildLiteBehavior [ RunTime:0.000000s ]
INFO: [ app_init ] --END-- [ RunTime:0.001000s ]
INFO: [ app_begin ] --START--
INFO: Run Behavior\ReadHtmlCacheBehavior [ RunTime:0.000000s ]
INFO: [ app_begin ] --END-- [ RunTime:0.000000s ]
SQL: SHOW COLUMNS FROM `ttxw_news` [ RunTime:0.0020s ]
SQL: SHOW COLUMNS FROM `ttxw_news` [ RunTime:0.0020s ]
SQL: SELECT COUNT(*) AS tp_count FROM `ttxw_news` WHERE ttxw_news.del_flag = '1' LIMIT 1   [ RunTime:0.0010s ]
SQL: SELECT ttxw_sysuser.sysu_name sname,ttxw_column.column_name cname,ttxw_news.news_id news_id,ttxw_news.news_date news_date,ttxw_news.news_title news_title,ttxw_news.news_content news_content,ttxw_news.del_flag del_flag FROM `ttxw_news` INNER JOIN ttxw_column ON ttxw_column.column_id = ttxw_news.column_id INNER JOIN ttxw_sysuser ON ttxw_sysuser.sysu_id = ttxw_news.sysu_id  WHERE ttxw_news.del_flag = '1' LIMIT 0,3   [ RunTime:0.0010s ]
SQL: SHOW COLUMNS FROM `ttxw_column` [ RunTime:0.0020s ]
SQL: SELECT * FROM `ttxw_column`  [ RunTime:0.0000s ]
SQL: SHOW COLUMNS FROM `ttxw_sysuser` [ RunTime:0.0380s ]
SQL: SELECT * FROM `ttxw_sysuser` WHERE ( role_id = 2 )  [ RunTime:0.0000s ]
NOTIC: [8] Undefined variable: content G:\xampp\htdocs\ttxw\Application\Home\Controller\NewsController.class.php 第 43 行.
INFO: [ view_parse ] --START--
INFO: [ template_filter ] --START--
INFO: Run Behavior\ContentReplaceBehavior [ RunTime:0.000000s ]
INFO: [ template_filter ] --END-- [ RunTime:0.000000s ]
INFO: Run Behavior\ParseTemplateBehavior [ RunTime:0.010000s ]
INFO: [ view_parse ] --END-- [ RunTime:0.011000s ]
INFO: [ view_filter ] --START--
INFO: Run Behavior\WriteHtmlCacheBehavior [ RunTime:0.000000s ]
INFO: [ view_filter ] --END-- [ RunTime:0.000000s ]
INFO: [ app_end ] --START--
INFO: Run Behavior\ShowPageTraceBehavior [ RunTime:0.001000s ]
INFO: [ app_end ] --END-- [ RunTime:0.001000s ]

[ 2017-06-07T01:11:30+08:00 ] ::1 /ttxw/News/News_index.html?del_flag=0
INFO: [ app_init ] --START--
INFO: Run Behavior\BuildLiteBehavior [ RunTime:0.000000s ]
INFO: [ app_init ] --END-- [ RunTime:0.001000s ]
INFO: [ app_begin ] --START--
INFO: Run Behavior\ReadHtmlCacheBehavior [ RunTime:0.001000s ]
INFO: [ app_begin ] --END-- [ RunTime:0.001000s ]
SQL: SHOW COLUMNS FROM `ttxw_news` [ RunTime:0.0020s ]
SQL: SHOW COLUMNS FROM `ttxw_news` [ RunTime:0.0040s ]
SQL: SELECT COUNT(*) AS tp_count FROM `ttxw_news` WHERE ttxw_news.del_flag = '0' LIMIT 1   [ RunTime:0.0010s ]
SQL: SELECT ttxw_sysuser.sysu_name sname,ttxw_column.column_name cname,ttxw_news.news_id news_id,ttxw_news.news_date news_date,ttxw_news.news_title news_title,ttxw_news.news_content news_content,ttxw_news.del_flag del_flag FROM `ttxw_news` INNER JOIN ttxw_column ON ttxw_column.column_id = ttxw_news.column_id INNER JOIN ttxw_sysuser ON ttxw_sysuser.sysu_id = ttxw_news.sysu_id  WHERE ttxw_news.del_flag = '0' LIMIT 0,3   [ RunTime:0.0000s ]
SQL: SHOW COLUMNS FROM `ttxw_column` [ RunTime:0.0470s ]
SQL: SELECT * FROM `ttxw_column`  [ RunTime:0.0000s ]
SQL: SHOW COLUMNS FROM `ttxw_sysuser` [ RunTime:0.0020s ]
SQL: SELECT * FROM `ttxw_sysuser` WHERE ( role_id = 2 )  [ RunTime:0.0000s ]
NOTIC: [8] Undefined variable: content G:\xampp\htdocs\ttxw\Application\Home\Controller\NewsController.class.php 第 43 行.
INFO: [ view_parse ] --START--
INFO: [ template_filter ] --START--
INFO: Run Behavior\ContentReplaceBehavior [ RunTime:0.000000s ]
INFO: [ template_filter ] --END-- [ RunTime:0.000000s ]
INFO: Run Behavior\ParseTemplateBehavior [ RunTime:0.010000s ]
INFO: [ view_parse ] --END-- [ RunTime:0.010000s ]
INFO: [ view_filter ] --START--
INFO: Run Behavior\WriteHtmlCacheBehavior [ RunTime:0.000000s ]
INFO: [ view_filter ] --END-- [ RunTime:0.000000s ]
INFO: [ app_end ] --START--
INFO: Run Behavior\ShowPageTraceBehavior [ RunTime:0.001000s ]
INFO: [ app_end ] --END-- [ RunTime:0.001000s ]

[ 2017-06-07T01:11:33+08:00 ] ::1 /ttxw/News/News_index.html?del_flag=1
INFO: [ app_init ] --START--
INFO: Run Behavior\BuildLiteBehavior [ RunTime:0.000000s ]
INFO: [ app_init ] --END-- [ RunTime:0.001000s ]
INFO: [ app_begin ] --START--
INFO: Run Behavior\ReadHtmlCacheBehavior [ RunTime:0.000000s ]
INFO: [ app_begin ] --END-- [ RunTime:0.000000s ]
SQL: SHOW COLUMNS FROM `ttxw_news` [ RunTime:0.0020s ]
SQL: SHOW COLUMNS FROM `ttxw_news` [ RunTime:0.0010s ]
SQL: SELECT COUNT(*) AS tp_count FROM `ttxw_news` WHERE ttxw_news.del_flag = '1' LIMIT 1   [ RunTime:0.0000s ]
SQL: SELECT ttxw_sysuser.sysu_name sname,ttxw_column.column_name cname,ttxw_news.news_id news_id,ttxw_news.news_date news_date,ttxw_news.news_title news_title,ttxw_news.news_content news_content,ttxw_news.del_flag del_flag FROM `ttxw_news` INNER JOIN ttxw_column ON ttxw_column.column_id = ttxw_news.column_id INNER JOIN ttxw_sysuser ON ttxw_sysuser.sysu_id = ttxw_news.sysu_id  WHERE ttxw_news.del_flag = '1' LIMIT 0,3   [ RunTime:0.0000s ]
SQL: SHOW COLUMNS FROM `ttxw_column` [ RunTime:0.0020s ]
SQL: SELECT * FROM `ttxw_column`  [ RunTime:0.0000s ]
SQL: SHOW COLUMNS FROM `ttxw_sysuser` [ RunTime:0.0050s ]
SQL: SELECT * FROM `ttxw_sysuser` WHERE ( role_id = 2 )  [ RunTime:0.0010s ]
NOTIC: [8] Undefined variable: content G:\xampp\htdocs\ttxw\Application\Home\Controller\NewsController.class.php 第 43 行.
INFO: [ view_parse ] --START--
INFO: [ template_filter ] --START--
INFO: Run Behavior\ContentReplaceBehavior [ RunTime:0.000000s ]
INFO: [ template_filter ] --END-- [ RunTime:0.000000s ]
INFO: Run Behavior\ParseTemplateBehavior [ RunTime:0.010001s ]
INFO: [ view_parse ] --END-- [ RunTime:0.010001s ]
INFO: [ view_filter ] --START--
INFO: Run Behavior\WriteHtmlCacheBehavior [ RunTime:0.000000s ]
INFO: [ view_filter ] --END-- [ RunTime:0.000000s ]
INFO: [ app_end ] --START--
INFO: Run Behavior\ShowPageTraceBehavior [ RunTime:0.001000s ]
INFO: [ app_end ] --END-- [ RunTime:0.001000s ]

[ 2017-06-07T01:11:36+08:00 ] ::1 /ttxw/News/News_delete.html
INFO: [ app_init ] --START--
INFO: Run Behavior\BuildLiteBehavior [ RunTime:0.000000s ]
INFO: [ app_init ] --END-- [ RunTime:0.001000s ]
INFO: [ app_begin ] --START--
INFO: Run Behavior\ReadHtmlCacheBehavior [ RunTime:0.001000s ]
INFO: [ app_begin ] --END-- [ RunTime:0.001000s ]
SQL: SHOW COLUMNS FROM `ttxw_news` [ RunTime:0.0020s ]
SQL: UPDATE `ttxw_news` SET `del_flag`='0' WHERE `news_id` = 2 [ RunTime:0.1440s ]

[ 2017-06-07T01:11:36+08:00 ] ::1 /ttxw/News/News_index.html?del_flag=1
INFO: [ app_init ] --START--
INFO: Run Behavior\BuildLiteBehavior [ RunTime:0.000000s ]
INFO: [ app_init ] --END-- [ RunTime:0.000000s ]
INFO: [ app_begin ] --START--
INFO: Run Behavior\ReadHtmlCacheBehavior [ RunTime:0.000000s ]
INFO: [ app_begin ] --END-- [ RunTime:0.000000s ]
SQL: SHOW COLUMNS FROM `ttxw_news` [ RunTime:0.0050s ]
SQL: SHOW COLUMNS FROM `ttxw_news` [ RunTime:0.0030s ]
SQL: SELECT COUNT(*) AS tp_count FROM `ttxw_news` WHERE ttxw_news.del_flag = '1' LIMIT 1   [ RunTime:0.0000s ]
SQL: SELECT ttxw_sysuser.sysu_name sname,ttxw_column.column_name cname,ttxw_news.news_id news_id,ttxw_news.news_date news_date,ttxw_news.news_title news_title,ttxw_news.news_content news_content,ttxw_news.del_flag del_flag FROM `ttxw_news` INNER JOIN ttxw_column ON ttxw_column.column_id = ttxw_news.column_id INNER JOIN ttxw_sysuser ON ttxw_sysuser.sysu_id = ttxw_news.sysu_id  WHERE ttxw_news.del_flag = '1' LIMIT 0,3   [ RunTime:0.0000s ]
SQL: SHOW COLUMNS FROM `ttxw_column` [ RunTime:0.0040s ]
SQL: SELECT * FROM `ttxw_column`  [ RunTime:0.0010s ]
SQL: SHOW COLUMNS FROM `ttxw_sysuser` [ RunTime:0.0060s ]
SQL: SELECT * FROM `ttxw_sysuser` WHERE ( role_id = 2 )  [ RunTime:0.0000s ]
NOTIC: [8] Undefined variable: content G:\xampp\htdocs\ttxw\Application\Home\Controller\NewsController.class.php 第 43 行.
INFO: [ view_parse ] --START--
INFO: [ template_filter ] --START--
INFO: Run Behavior\ContentReplaceBehavior [ RunTime:0.000000s ]
INFO: [ template_filter ] --END-- [ RunTime:0.000000s ]
INFO: Run Behavior\ParseTemplateBehavior [ RunTime:0.010000s ]
INFO: [ view_parse ] --END-- [ RunTime:0.010000s ]
INFO: [ view_filter ] --START--
INFO: Run Behavior\WriteHtmlCacheBehavior [ RunTime:0.000000s ]
INFO: [ view_filter ] --END-- [ RunTime:0.000000s ]
INFO: [ app_end ] --START--
INFO: Run Behavior\ShowPageTraceBehavior [ RunTime:0.000000s ]
INFO: [ app_end ] --END-- [ RunTime:0.001000s ]

[ 2017-06-07T01:11:39+08:00 ] ::1 /ttxw/News/News_delete.html
INFO: [ app_init ] --START--
INFO: Run Behavior\BuildLiteBehavior [ RunTime:0.000000s ]
INFO: [ app_init ] --END-- [ RunTime:0.001000s ]
INFO: [ app_begin ] --START--
INFO: Run Behavior\ReadHtmlCacheBehavior [ RunTime:0.000000s ]
INFO: [ app_begin ] --END-- [ RunTime:0.000000s ]
SQL: SHOW COLUMNS FROM `ttxw_news` [ RunTime:0.0020s ]
SQL: UPDATE `ttxw_news` SET `del_flag`='0' WHERE `news_id` = 3 [ RunTime:0.0690s ]

[ 2017-06-07T01:11:39+08:00 ] ::1 /ttxw/News/News_index.html?del_flag=1
INFO: [ app_init ] --START--
INFO: Run Behavior\BuildLiteBehavior [ RunTime:0.000000s ]
INFO: [ app_init ] --END-- [ RunTime:0.001000s ]
INFO: [ app_begin ] --START--
INFO: Run Behavior\ReadHtmlCacheBehavior [ RunTime:0.001000s ]
INFO: [ app_begin ] --END-- [ RunTime:0.001000s ]
SQL: SHOW COLUMNS FROM `ttxw_news` [ RunTime:0.0020s ]
SQL: SHOW COLUMNS FROM `ttxw_news` [ RunTime:0.0020s ]
SQL: SELECT COUNT(*) AS tp_count FROM `ttxw_news` WHERE ttxw_news.del_flag = '1' LIMIT 1   [ RunTime:0.0000s ]
SQL: SELECT ttxw_sysuser.sysu_name sname,ttxw_column.column_name cname,ttxw_news.news_id news_id,ttxw_news.news_date news_date,ttxw_news.news_title news_title,ttxw_news.news_content news_content,ttxw_news.del_flag del_flag FROM `ttxw_news` INNER JOIN ttxw_column ON ttxw_column.column_id = ttxw_news.column_id INNER JOIN ttxw_sysuser ON ttxw_sysuser.sysu_id = ttxw_news.sysu_id  WHERE ttxw_news.del_flag = '1' LIMIT 0,3   [ RunTime:0.0010s ]
SQL: SHOW COLUMNS FROM `ttxw_column` [ RunTime:0.0030s ]
SQL: SELECT * FROM `ttxw_column`  [ RunTime:0.0000s ]
SQL: SHOW COLUMNS FROM `ttxw_sysuser` [ RunTime:0.0030s ]
SQL: SELECT * FROM `ttxw_sysuser` WHERE ( role_id = 2 )  [ RunTime:0.0010s ]
NOTIC: [8] Undefined variable: content G:\xampp\htdocs\ttxw\Application\Home\Controller\NewsController.class.php 第 43 行.
INFO: [ view_parse ] --START--
INFO: [ template_filter ] --START--
INFO: Run Behavior\ContentReplaceBehavior [ RunTime:0.000000s ]
INFO: [ template_filter ] --END-- [ RunTime:0.000000s ]
INFO: Run Behavior\ParseTemplateBehavior [ RunTime:0.012001s ]
INFO: [ view_parse ] --END-- [ RunTime:0.012001s ]
INFO: [ view_filter ] --START--
INFO: Run Behavior\WriteHtmlCacheBehavior [ RunTime:0.000000s ]
INFO: [ view_filter ] --END-- [ RunTime:0.000000s ]
INFO: [ app_end ] --START--
INFO: Run Behavior\ShowPageTraceBehavior [ RunTime:0.001000s ]
INFO: [ app_end ] --END-- [ RunTime:0.001000s ]

[ 2017-06-07T01:11:41+08:00 ] ::1 /ttxw/News/News_index.html?del_flag=0
INFO: [ app_init ] --START--
INFO: Run Behavior\BuildLiteBehavior [ RunTime:0.000000s ]
INFO: [ app_init ] --END-- [ RunTime:0.001000s ]
INFO: [ app_begin ] --START--
INFO: Run Behavior\ReadHtmlCacheBehavior [ RunTime:0.000000s ]
INFO: [ app_begin ] --END-- [ RunTime:0.000000s ]
SQL: SHOW COLUMNS FROM `ttxw_news` [ RunTime:0.0020s ]
SQL: SHOW COLUMNS FROM `ttxw_news` [ RunTime:0.0340s ]
SQL: SELECT COUNT(*) AS tp_count FROM `ttxw_news` WHERE ttxw_news.del_flag = '0' LIMIT 1   [ RunTime:0.0000s ]
SQL: SELECT ttxw_sysuser.sysu_name sname,ttxw_column.column_name cname,ttxw_news.news_id news_id,ttxw_news.news_date news_date,ttxw_news.news_title news_title,ttxw_news.news_content news_content,ttxw_news.del_flag del_flag FROM `ttxw_news` INNER JOIN ttxw_column ON ttxw_column.column_id = ttxw_news.column_id INNER JOIN ttxw_sysuser ON ttxw_sysuser.sysu_id = ttxw_news.sysu_id  WHERE ttxw_news.del_flag = '0' LIMIT 0,3   [ RunTime:0.0000s ]
SQL: SHOW COLUMNS FROM `ttxw_column` [ RunTime:0.0020s ]
SQL: SELECT * FROM `ttxw_column`  [ RunTime:0.0000s ]
SQL: SHOW COLUMNS FROM `ttxw_sysuser` [ RunTime:0.0020s ]
SQL: SELECT * FROM `ttxw_sysuser` WHERE ( role_id = 2 )  [ RunTime:0.0000s ]
NOTIC: [8] Undefined variable: content G:\xampp\htdocs\ttxw\Application\Home\Controller\NewsController.class.php 第 43 行.
INFO: [ view_parse ] --START--
INFO: [ template_filter ] --START--
INFO: Run Behavior\ContentReplaceBehavior [ RunTime:0.000000s ]
INFO: [ template_filter ] --END-- [ RunTime:0.000000s ]
INFO: Run Behavior\ParseTemplateBehavior [ RunTime:0.011000s ]
INFO: [ view_parse ] --END-- [ RunTime:0.011000s ]
INFO: [ view_filter ] --START--
INFO: Run Behavior\WriteHtmlCacheBehavior [ RunTime:0.000000s ]
INFO: [ view_filter ] --END-- [ RunTime:0.000000s ]
INFO: [ app_end ] --START--
INFO: Run Behavior\ShowPageTraceBehavior [ RunTime:0.000000s ]
INFO: [ app_end ] --END-- [ RunTime:0.000000s ]

[ 2017-06-07T01:11:42+08:00 ] ::1 /ttxw/News/News_index/del_flag/0/p/3.html
INFO: [ app_init ] --START--
INFO: Run Behavior\BuildLiteBehavior [ RunTime:0.000000s ]
INFO: [ app_init ] --END-- [ RunTime:0.001000s ]
INFO: [ app_begin ] --START--
INFO: Run Behavior\ReadHtmlCacheBehavior [ RunTime:0.001000s ]
INFO: [ app_begin ] --END-- [ RunTime:0.001000s ]
SQL: SHOW COLUMNS FROM `ttxw_news` [ RunTime:0.0020s ]
SQL: SHOW COLUMNS FROM `ttxw_news` [ RunTime:0.0040s ]
SQL: SELECT COUNT(*) AS tp_count FROM `ttxw_news` WHERE ttxw_news.del_flag = '0' LIMIT 1   [ RunTime:0.0000s ]
SQL: SELECT ttxw_sysuser.sysu_name sname,ttxw_column.column_name cname,ttxw_news.news_id news_id,ttxw_news.news_date news_date,ttxw_news.news_title news_title,ttxw_news.news_content news_content,ttxw_news.del_flag del_flag FROM `ttxw_news` INNER JOIN ttxw_column ON ttxw_column.column_id = ttxw_news.column_id INNER JOIN ttxw_sysuser ON ttxw_sysuser.sysu_id = ttxw_news.sysu_id  WHERE ttxw_news.del_flag = '0' LIMIT 6,3   [ RunTime:0.0000s ]
SQL: SHOW COLUMNS FROM `ttxw_column` [ RunTime:0.0020s ]
SQL: SELECT * FROM `ttxw_column`  [ RunTime:0.0000s ]
SQL: SHOW COLUMNS FROM `ttxw_sysuser` [ RunTime:0.0020s ]
SQL: SELECT * FROM `ttxw_sysuser` WHERE ( role_id = 2 )  [ RunTime:0.0000s ]
NOTIC: [8] Undefined variable: content G:\xampp\htdocs\ttxw\Application\Home\Controller\NewsController.class.php 第 43 行.
INFO: [ view_parse ] --START--
INFO: [ template_filter ] --START--
INFO: Run Behavior\ContentReplaceBehavior [ RunTime:0.000000s ]
INFO: [ template_filter ] --END-- [ RunTime:0.000000s ]
INFO: Run Behavior\ParseTemplateBehavior [ RunTime:0.009000s ]
INFO: [ view_parse ] --END-- [ RunTime:0.009000s ]
INFO: [ view_filter ] --START--
INFO: Run Behavior\WriteHtmlCacheBehavior [ RunTime:0.001000s ]
INFO: [ view_filter ] --END-- [ RunTime:0.001000s ]
INFO: [ app_end ] --START--
INFO: Run Behavior\ShowPageTraceBehavior [ RunTime:0.000000s ]
INFO: [ app_end ] --END-- [ RunTime:0.001000s ]

[ 2017-06-07T01:11:45+08:00 ] ::1 /ttxw/News/News_delete.html
INFO: [ app_init ] --START--
INFO: Run Behavior\BuildLiteBehavior [ RunTime:0.000000s ]
INFO: [ app_init ] --END-- [ RunTime:0.001000s ]
INFO: [ app_begin ] --START--
INFO: Run Behavior\ReadHtmlCacheBehavior [ RunTime:0.000000s ]
INFO: [ app_begin ] --END-- [ RunTime:0.000000s ]
SQL: SHOW COLUMNS FROM `ttxw_news` [ RunTime:0.0360s ]
SQL: UPDATE `ttxw_news` SET `del_flag`='1' WHERE `news_id` = 1 [ RunTime:0.0690s ]

[ 2017-06-07T01:11:45+08:00 ] ::1 /ttxw/News/News_index/del_flag/0/p/3.html
INFO: [ app_init ] --START--
INFO: Run Behavior\BuildLiteBehavior [ RunTime:0.000000s ]
INFO: [ app_init ] --END-- [ RunTime:0.000000s ]
INFO: [ app_begin ] --START--
INFO: Run Behavior\ReadHtmlCacheBehavior [ RunTime:0.000000s ]
INFO: [ app_begin ] --END-- [ RunTime:0.000000s ]
SQL: SHOW COLUMNS FROM `ttxw_news` [ RunTime:0.1310s ]
SQL: SHOW COLUMNS FROM `ttxw_news` [ RunTime:0.0220s ]
SQL: SELECT COUNT(*) AS tp_count FROM `ttxw_news` WHERE ttxw_news.del_flag = '0' LIMIT 1   [ RunTime:0.0000s ]
SQL: SELECT ttxw_sysuser.sysu_name sname,ttxw_column.column_name cname,ttxw_news.news_id news_id,ttxw_news.news_date news_date,ttxw_news.news_title news_title,ttxw_news.news_content news_content,ttxw_news.del_flag del_flag FROM `ttxw_news` INNER JOIN ttxw_column ON ttxw_column.column_id = ttxw_news.column_id INNER JOIN ttxw_sysuser ON ttxw_sysuser.sysu_id = ttxw_news.sysu_id  WHERE ttxw_news.del_flag = '0' LIMIT 6,3   [ RunTime:0.0010s ]
SQL: SHOW COLUMNS FROM `ttxw_column` [ RunTime:0.0040s ]
SQL: SELECT * FROM `ttxw_column`  [ RunTime:0.0010s ]
SQL: SHOW COLUMNS FROM `ttxw_sysuser` [ RunTime:0.0270s ]
SQL: SELECT * FROM `ttxw_sysuser` WHERE ( role_id = 2 )  [ RunTime:0.0010s ]
NOTIC: [8] Undefined variable: content G:\xampp\htdocs\ttxw\Application\Home\Controller\NewsController.class.php 第 43 行.
INFO: [ view_parse ] --START--
INFO: [ template_filter ] --START--
INFO: Run Behavior\ContentReplaceBehavior [ RunTime:0.000000s ]
INFO: [ template_filter ] --END-- [ RunTime:0.001000s ]
INFO: Run Behavior\ParseTemplateBehavior [ RunTime:0.011001s ]
INFO: [ view_parse ] --END-- [ RunTime:0.011001s ]
INFO: [ view_filter ] --START--
INFO: Run Behavior\WriteHtmlCacheBehavior [ RunTime:0.001000s ]
INFO: [ view_filter ] --END-- [ RunTime:0.001000s ]
INFO: [ app_end ] --START--
INFO: Run Behavior\ShowPageTraceBehavior [ RunTime:0.000000s ]
INFO: [ app_end ] --END-- [ RunTime:0.000000s ]

[ 2017-06-07T01:11:47+08:00 ] ::1 /ttxw/News/News_index.html?del_flag=1
INFO: [ app_init ] --START--
INFO: Run Behavior\BuildLiteBehavior [ RunTime:0.000000s ]
INFO: [ app_init ] --END-- [ RunTime:0.000000s ]
INFO: [ app_begin ] --START--
INFO: Run Behavior\ReadHtmlCacheBehavior [ RunTime:0.001000s ]
INFO: [ app_begin ] --END-- [ RunTime:0.001000s ]
SQL: SHOW COLUMNS FROM `ttxw_news` [ RunTime:0.0030s ]
SQL: SHOW COLUMNS FROM `ttxw_news` [ RunTime:0.0020s ]
SQL: SELECT COUNT(*) AS tp_count FROM `ttxw_news` WHERE ttxw_news.del_flag = '1' LIMIT 1   [ RunTime:0.0000s ]
SQL: SELECT ttxw_sysuser.sysu_name sname,ttxw_column.column_name cname,ttxw_news.news_id news_id,ttxw_news.news_date news_date,ttxw_news.news_title news_title,ttxw_news.news_content news_content,ttxw_news.del_flag del_flag FROM `ttxw_news` INNER JOIN ttxw_column ON ttxw_column.column_id = ttxw_news.column_id INNER JOIN ttxw_sysuser ON ttxw_sysuser.sysu_id = ttxw_news.sysu_id  WHERE ttxw_news.del_flag = '1' LIMIT 0,3   [ RunTime:0.0010s ]
SQL: SHOW COLUMNS FROM `ttxw_column` [ RunTime:0.0020s ]
SQL: SELECT * FROM `ttxw_column`  [ RunTime:0.0000s ]
SQL: SHOW COLUMNS FROM `ttxw_sysuser` [ RunTime:0.0020s ]
SQL: SELECT * FROM `ttxw_sysuser` WHERE ( role_id = 2 )  [ RunTime:0.0010s ]
NOTIC: [8] Undefined variable: content G:\xampp\htdocs\ttxw\Application\Home\Controller\NewsController.class.php 第 43 行.
INFO: [ view_parse ] --START--
INFO: [ template_filter ] --START--
INFO: Run Behavior\ContentReplaceBehavior [ RunTime:0.001000s ]
INFO: [ template_filter ] --END-- [ RunTime:0.001000s ]
INFO: Run Behavior\ParseTemplateBehavior [ RunTime:0.012000s ]
INFO: [ view_parse ] --END-- [ RunTime:0.012000s ]
INFO: [ view_filter ] --START--
INFO: Run Behavior\WriteHtmlCacheBehavior [ RunTime:0.000000s ]
INFO: [ view_filter ] --END-- [ RunTime:0.000000s ]
INFO: [ app_end ] --START--
INFO: Run Behavior\ShowPageTraceBehavior [ RunTime:0.000000s ]
INFO: [ app_end ] --END-- [ RunTime:0.000000s ]

[ 2017-06-07T01:11:50+08:00 ] ::1 /ttxw/News/News_delete.html
INFO: [ app_init ] --START--
INFO: Run Behavior\BuildLiteBehavior [ RunTime:0.000000s ]
INFO: [ app_init ] --END-- [ RunTime:0.000000s ]
INFO: [ app_begin ] --START--
INFO: Run Behavior\ReadHtmlCacheBehavior [ RunTime:0.001000s ]
INFO: [ app_begin ] --END-- [ RunTime:0.001000s ]
SQL: SHOW COLUMNS FROM `ttxw_news` [ RunTime:0.0020s ]
SQL: UPDATE `ttxw_news` SET `del_flag`='0' WHERE `news_id` = 1 [ RunTime:0.0650s ]

[ 2017-06-07T01:11:50+08:00 ] ::1 /ttxw/News/News_index.html?del_flag=1
INFO: [ app_init ] --START--
INFO: Run Behavior\BuildLiteBehavior [ RunTime:0.000000s ]
INFO: [ app_init ] --END-- [ RunTime:0.001000s ]
INFO: [ app_begin ] --START--
INFO: Run Behavior\ReadHtmlCacheBehavior [ RunTime:0.000000s ]
INFO: [ app_begin ] --END-- [ RunTime:0.000000s ]
SQL: SHOW COLUMNS FROM `ttxw_news` [ RunTime:0.0040s ]
SQL: SHOW COLUMNS FROM `ttxw_news` [ RunTime:0.0020s ]
SQL: SELECT COUNT(*) AS tp_count FROM `ttxw_news` WHERE ttxw_news.del_flag = '1' LIMIT 1   [ RunTime:0.0010s ]
SQL: SELECT ttxw_sysuser.sysu_name sname,ttxw_column.column_name cname,ttxw_news.news_id news_id,ttxw_news.news_date news_date,ttxw_news.news_title news_title,ttxw_news.news_content news_content,ttxw_news.del_flag del_flag FROM `ttxw_news` INNER JOIN ttxw_column ON ttxw_column.column_id = ttxw_news.column_id INNER JOIN ttxw_sysuser ON ttxw_sysuser.sysu_id = ttxw_news.sysu_id  WHERE ttxw_news.del_flag = '1' LIMIT 0,3   [ RunTime:0.0010s ]
SQL: SHOW COLUMNS FROM `ttxw_column` [ RunTime:0.0010s ]
SQL: SELECT * FROM `ttxw_column`  [ RunTime:0.0010s ]
SQL: SHOW COLUMNS FROM `ttxw_sysuser` [ RunTime:0.0020s ]
SQL: SELECT * FROM `ttxw_sysuser` WHERE ( role_id = 2 )  [ RunTime:0.0000s ]
NOTIC: [8] Undefined variable: content G:\xampp\htdocs\ttxw\Application\Home\Controller\NewsController.class.php 第 43 行.
INFO: [ view_parse ] --START--
INFO: [ template_filter ] --START--
INFO: Run Behavior\ContentReplaceBehavior [ RunTime:0.000000s ]
INFO: [ template_filter ] --END-- [ RunTime:0.000000s ]
INFO: Run Behavior\ParseTemplateBehavior [ RunTime:0.010001s ]
INFO: [ view_parse ] --END-- [ RunTime:0.010001s ]
INFO: [ view_filter ] --START--
INFO: Run Behavior\WriteHtmlCacheBehavior [ RunTime:0.001000s ]
INFO: [ view_filter ] --END-- [ RunTime:0.001000s ]
INFO: [ app_end ] --START--
INFO: Run Behavior\ShowPageTraceBehavior [ RunTime:0.000000s ]
INFO: [ app_end ] --END-- [ RunTime:0.001000s ]

[ 2017-06-07T01:11:51+08:00 ] ::1 /ttxw/News/News_index.html?del_flag=0
INFO: [ app_init ] --START--
INFO: Run Behavior\BuildLiteBehavior [ RunTime:0.000000s ]
INFO: [ app_init ] --END-- [ RunTime:0.000000s ]
INFO: [ app_begin ] --START--
INFO: Run Behavior\ReadHtmlCacheBehavior [ RunTime:0.000000s ]
INFO: [ app_begin ] --END-- [ RunTime:0.000000s ]
SQL: SHOW COLUMNS FROM `ttxw_news` [ RunTime:0.0030s ]
SQL: SHOW COLUMNS FROM `ttxw_news` [ RunTime:0.0020s ]
SQL: SELECT COUNT(*) AS tp_count FROM `ttxw_news` WHERE ttxw_news.del_flag = '0' LIMIT 1   [ RunTime:0.0000s ]
SQL: SELECT ttxw_sysuser.sysu_name sname,ttxw_column.column_name cname,ttxw_news.news_id news_id,ttxw_news.news_date news_date,ttxw_news.news_title news_title,ttxw_news.news_content news_content,ttxw_news.del_flag del_flag FROM `ttxw_news` INNER JOIN ttxw_column ON ttxw_column.column_id = ttxw_news.column_id INNER JOIN ttxw_sysuser ON ttxw_sysuser.sysu_id = ttxw_news.sysu_id  WHERE ttxw_news.del_flag = '0' LIMIT 0,3   [ RunTime:0.0000s ]
SQL: SHOW COLUMNS FROM `ttxw_column` [ RunTime:0.0020s ]
SQL: SELECT * FROM `ttxw_column`  [ RunTime:0.0010s ]
SQL: SHOW COLUMNS FROM `ttxw_sysuser` [ RunTime:0.0030s ]
SQL: SELECT * FROM `ttxw_sysuser` WHERE ( role_id = 2 )  [ RunTime:0.0000s ]
NOTIC: [8] Undefined variable: content G:\xampp\htdocs\ttxw\Application\Home\Controller\NewsController.class.php 第 43 行.
INFO: [ view_parse ] --START--
INFO: [ template_filter ] --START--
INFO: Run Behavior\ContentReplaceBehavior [ RunTime:0.000000s ]
INFO: [ template_filter ] --END-- [ RunTime:0.001000s ]
INFO: Run Behavior\ParseTemplateBehavior [ RunTime:0.009000s ]
INFO: [ view_parse ] --END-- [ RunTime:0.009000s ]
INFO: [ view_filter ] --START--
INFO: Run Behavior\WriteHtmlCacheBehavior [ RunTime:0.000000s ]
INFO: [ view_filter ] --END-- [ RunTime:0.000000s ]
INFO: [ app_end ] --START--
INFO: Run Behavior\ShowPageTraceBehavior [ RunTime:0.000000s ]
INFO: [ app_end ] --END-- [ RunTime:0.000000s ]

