[ 2018-04-24T20:28:06+08:00 ] ::1 /ttxw/
INFO: [ app_init ] --START--
INFO: Run Behavior\BuildLiteBehavior [ RunTime:0.000000s ]
INFO: [ app_init ] --END-- [ RunTime:0.000000s ]
INFO: [ app_begin ] --START--
INFO: Run Behavior\ReadHtmlCacheBehavior [ RunTime:0.014001s ]
INFO: [ app_begin ] --END-- [ RunTime:0.014001s ]

[ 2018-04-24T20:28:06+08:00 ] ::1 /ttxw/Home/Login/login.html
INFO: [ app_init ] --START--
INFO: Run Behavior\BuildLiteBehavior [ RunTime:0.000000s ]
INFO: [ app_init ] --END-- [ RunTime:0.001000s ]
INFO: [ app_begin ] --START--
INFO: Run Behavior\ReadHtmlCacheBehavior [ RunTime:0.000000s ]
INFO: [ app_begin ] --END-- [ RunTime:0.000000s ]
INFO: [ view_parse ] --START--
INFO: [ template_filter ] --START--
INFO: Run Behavior\ContentReplaceBehavior [ RunTime:0.012001s ]
INFO: [ template_filter ] --END-- [ RunTime:0.012001s ]
INFO: Run Behavior\ParseTemplateBehavior [ RunTime:0.092005s ]
INFO: [ view_parse ] --END-- [ RunTime:0.092005s ]
INFO: [ view_filter ] --START--
INFO: Run Behavior\WriteHtmlCacheBehavior [ RunTime:0.016001s ]
INFO: [ view_filter ] --END-- [ RunTime:0.016001s ]
INFO: [ app_end ] --START--
INFO: Run Behavior\ShowPageTraceBehavior [ RunTime:0.001000s ]
INFO: [ app_end ] --END-- [ RunTime:0.001000s ]

[ 2018-04-24T20:28:06+08:00 ] ::1 /ttxw/Public/static/Images/login-bg-1.jpg
INFO: [ app_init ] --START--
INFO: Run Behavior\BuildLiteBehavior [ RunTime:0.000000s ]
INFO: [ app_init ] --END-- [ RunTime:0.001000s ]

[ 2018-04-24T20:28:07+08:00 ] ::1 /ttxw/Home/Login/verify_c.html
INFO: [ app_init ] --START--
INFO: Run Behavior\BuildLiteBehavior [ RunTime:0.000000s ]
INFO: [ app_init ] --END-- [ RunTime:0.000000s ]
INFO: [ app_begin ] --START--
INFO: Run Behavior\ReadHtmlCacheBehavior [ RunTime:0.001000s ]
INFO: [ app_begin ] --END-- [ RunTime:0.001000s ]
INFO: [ app_end ] --START--
INFO: Run Behavior\ShowPageTraceBehavior [ RunTime:0.001000s ]
INFO: [ app_end ] --END-- [ RunTime:0.001000s ]

[ 2018-04-24T20:28:17+08:00 ] ::1 /ttxw/Login/check_verifycode.html
INFO: [ app_init ] --START--
INFO: Run Behavior\BuildLiteBehavior [ RunTime:0.000000s ]
INFO: [ app_init ] --END-- [ RunTime:0.001000s ]
INFO: [ app_begin ] --START--
INFO: Run Behavior\ReadHtmlCacheBehavior [ RunTime:0.000000s ]
INFO: [ app_begin ] --END-- [ RunTime:0.000000s ]
NOTIC: [8] Undefined variable: id G:\xampp\htdocs\ttxw\Application\Home\Controller\LoginController.class.php 第 49 行.

[ 2018-04-24T20:28:17+08:00 ] ::1 /ttxw/Login/check_login.html
INFO: [ app_init ] --START--
INFO: Run Behavior\BuildLiteBehavior [ RunTime:0.000000s ]
INFO: [ app_init ] --END-- [ RunTime:0.001000s ]
INFO: [ app_begin ] --START--
INFO: Run Behavior\ReadHtmlCacheBehavior [ RunTime:0.000000s ]
INFO: [ app_begin ] --END-- [ RunTime:0.000000s ]
SQL: SHOW COLUMNS FROM `ttxw_sysuser` [ RunTime:0.0400s ]
SQL: SELECT * FROM `ttxw_sysuser` WHERE `sysu_account` = 'admin' AND `sysu_pwd` = '10470c3b4b1fed12c3baac014be15fac67c6e815'  [ RunTime:0.0000s ]

[ 2018-04-24T20:28:18+08:00 ] ::1 /ttxw/Index/index.html
INFO: [ app_init ] --START--
INFO: Run Behavior\BuildLiteBehavior [ RunTime:0.000000s ]
INFO: [ app_init ] --END-- [ RunTime:0.000000s ]
INFO: [ app_begin ] --START--
INFO: Run Behavior\ReadHtmlCacheBehavior [ RunTime:0.001000s ]
INFO: [ app_begin ] --END-- [ RunTime:0.001000s ]
SQL: SHOW COLUMNS FROM `ttxw_sysuser` [ RunTime:0.0030s ]
SQL: SELECT ttxw_role.role_name role,ttxw_sysuser.sysu_name name,ttxw_sysuser.sysu_photo photo FROM `ttxw_sysuser` INNER JOIN ttxw_role ON ttxw_role.role_id = ttxw_role.role_id  WHERE ttxw_sysuser.sysu_account = 'admin' LIMIT 1   [ RunTime:0.0640s ]
INFO: [ view_parse ] --START--
INFO: [ template_filter ] --START--
INFO: Run Behavior\ContentReplaceBehavior [ RunTime:0.000000s ]
INFO: [ template_filter ] --END-- [ RunTime:0.000000s ]
NOTIC: [8] Undefined index: img G:\xampp\htdocs\ttxw\Runtime\Cache\Home\d4ea57e018bcaebd76bd4736ad257054.php 第 35 行.
INFO: Run Behavior\ParseTemplateBehavior [ RunTime:0.034002s ]
INFO: [ view_parse ] --END-- [ RunTime:0.034002s ]
INFO: [ view_filter ] --START--
INFO: Run Behavior\WriteHtmlCacheBehavior [ RunTime:0.001000s ]
INFO: [ view_filter ] --END-- [ RunTime:0.001000s ]
INFO: [ app_end ] --START--
INFO: Run Behavior\ShowPageTraceBehavior [ RunTime:0.001000s ]
INFO: [ app_end ] --END-- [ RunTime:0.001000s ]

[ 2018-04-24T20:28:18+08:00 ] ::1 /ttxw/index.php/Home/Index/main
INFO: [ app_init ] --START--
INFO: Run Behavior\BuildLiteBehavior [ RunTime:0.000000s ]
INFO: [ app_init ] --END-- [ RunTime:0.001000s ]
INFO: [ app_begin ] --START--
INFO: Run Behavior\ReadHtmlCacheBehavior [ RunTime:0.001001s ]
INFO: [ app_begin ] --END-- [ RunTime:0.001001s ]
INFO: [ view_parse ] --START--
INFO: [ template_filter ] --START--
INFO: Run Behavior\ContentReplaceBehavior [ RunTime:0.000000s ]
INFO: [ template_filter ] --END-- [ RunTime:0.000000s ]
INFO: Run Behavior\ParseTemplateBehavior [ RunTime:0.007000s ]
INFO: [ view_parse ] --END-- [ RunTime:0.007000s ]
INFO: [ view_filter ] --START--
INFO: Run Behavior\WriteHtmlCacheBehavior [ RunTime:0.000000s ]
INFO: [ view_filter ] --END-- [ RunTime:0.000000s ]
INFO: [ app_end ] --START--
INFO: Run Behavior\ShowPageTraceBehavior [ RunTime:0.001000s ]
INFO: [ app_end ] --END-- [ RunTime:0.001000s ]

[ 2018-04-24T20:28:19+08:00 ] ::1 /ttxw/Home/Index/GetMenulist.html
INFO: [ app_init ] --START--
INFO: Run Behavior\BuildLiteBehavior [ RunTime:0.000000s ]
INFO: [ app_init ] --END-- [ RunTime:0.001000s ]
INFO: [ app_begin ] --START--
INFO: Run Behavior\ReadHtmlCacheBehavior [ RunTime:0.001000s ]
INFO: [ app_begin ] --END-- [ RunTime:0.001000s ]
SQL: SHOW COLUMNS FROM `ttxw_role` [ RunTime:0.0030s ]
SQL: SELECT * FROM `ttxw_role` WHERE `role_id` = 1  [ RunTime:0.0000s ]
SQL: SHOW COLUMNS FROM `ttxw_menu` [ RunTime:0.0300s ]
SQL: SELECT `menu_id`,`menu_name`,`menu_url`,`menu_icon` FROM `ttxw_menu` WHERE `menu_id` IN ('1','2','4','7','8','10','11') AND `menu_fid` = 0  [ RunTime:0.0010s ]
SQL: SHOW COLUMNS FROM `ttxw_menu` [ RunTime:0.0020s ]
SQL: SELECT `menu_id`,`menu_name`,`menu_url`,`menu_icon` FROM `ttxw_menu` WHERE `menu_fid` = 1  [ RunTime:0.0000s ]
SQL: SELECT `menu_id`,`menu_name`,`menu_url`,`menu_icon` FROM `ttxw_menu` WHERE `menu_fid` = 2  [ RunTime:0.0000s ]
SQL: SELECT `menu_id`,`menu_name`,`menu_url`,`menu_icon` FROM `ttxw_menu` WHERE `menu_fid` = 4  [ RunTime:0.0000s ]
SQL: SELECT `menu_id`,`menu_name`,`menu_url`,`menu_icon` FROM `ttxw_menu` WHERE `menu_fid` = 7  [ RunTime:0.0010s ]
SQL: SELECT `menu_id`,`menu_name`,`menu_url`,`menu_icon` FROM `ttxw_menu` WHERE `menu_fid` = 8  [ RunTime:0.0000s ]

[ 2018-04-24T20:29:48+08:00 ] ::1 /ttxw/index.php/Home/User/User_index
INFO: [ app_init ] --START--
INFO: Run Behavior\BuildLiteBehavior [ RunTime:0.000000s ]
INFO: [ app_init ] --END-- [ RunTime:0.000000s ]
INFO: [ app_begin ] --START--
INFO: Run Behavior\ReadHtmlCacheBehavior [ RunTime:0.001000s ]
INFO: [ app_begin ] --END-- [ RunTime:0.001000s ]
SQL: SHOW COLUMNS FROM `ttxw_user` [ RunTime:0.0310s ]
SQL: SHOW COLUMNS FROM `ttxw_user` [ RunTime:0.0020s ]
SQL: SELECT COUNT(*) AS tp_count FROM `ttxw_user` LIMIT 1   [ RunTime:0.0010s ]
SQL: SELECT * FROM `ttxw_user` LIMIT 0,3   [ RunTime:0.0000s ]
INFO: [ view_parse ] --START--
INFO: [ template_filter ] --START--
INFO: Run Behavior\ContentReplaceBehavior [ RunTime:0.000000s ]
INFO: [ template_filter ] --END-- [ RunTime:0.000000s ]
NOTIC: [8] Undefined index: sysu_id G:\xampp\htdocs\ttxw\Runtime\Cache\Home\f88d90c904d7f7a11f497ef847b546a7.php 第 59 行.
NOTIC: [8] Undefined index: sysu_id G:\xampp\htdocs\ttxw\Runtime\Cache\Home\f88d90c904d7f7a11f497ef847b546a7.php 第 59 行.
NOTIC: [8] Undefined index: sysu_id G:\xampp\htdocs\ttxw\Runtime\Cache\Home\f88d90c904d7f7a11f497ef847b546a7.php 第 59 行.
NOTIC: [8] Undefined variable: userInfo G:\xampp\htdocs\ttxw\Runtime\Cache\Home\f88d90c904d7f7a11f497ef847b546a7.php 第 74 行.
NOTIC: [8] Undefined variable: userInfo G:\xampp\htdocs\ttxw\Runtime\Cache\Home\f88d90c904d7f7a11f497ef847b546a7.php 第 78 行.
NOTIC: [8] Undefined variable: userInfo G:\xampp\htdocs\ttxw\Runtime\Cache\Home\f88d90c904d7f7a11f497ef847b546a7.php 第 84 行.
NOTIC: [8] Undefined variable: userInfo G:\xampp\htdocs\ttxw\Runtime\Cache\Home\f88d90c904d7f7a11f497ef847b546a7.php 第 90 行.
INFO: Run Behavior\ParseTemplateBehavior [ RunTime:0.033002s ]
INFO: [ view_parse ] --END-- [ RunTime:0.034002s ]
INFO: [ view_filter ] --START--
INFO: Run Behavior\WriteHtmlCacheBehavior [ RunTime:0.001000s ]
INFO: [ view_filter ] --END-- [ RunTime:0.001000s ]
INFO: [ app_end ] --START--
INFO: Run Behavior\ShowPageTraceBehavior [ RunTime:0.001000s ]
INFO: [ app_end ] --END-- [ RunTime:0.001000s ]

[ 2018-04-24T20:29:49+08:00 ] ::1 /ttxw/index.php/Home/SysUser/SysUser_manager
INFO: [ app_init ] --START--
INFO: Run Behavior\BuildLiteBehavior [ RunTime:0.000000s ]
INFO: [ app_init ] --END-- [ RunTime:0.000000s ]
INFO: [ app_begin ] --START--
INFO: Run Behavior\ReadHtmlCacheBehavior [ RunTime:0.000000s ]
INFO: [ app_begin ] --END-- [ RunTime:0.000000s ]
SQL: SHOW COLUMNS FROM `ttxw_sysuser` [ RunTime:0.0030s ]
SQL: SHOW COLUMNS FROM `ttxw_sysuser` [ RunTime:0.0020s ]
SQL: SELECT COUNT(*) AS tp_count FROM `ttxw_sysuser` WHERE `role_id` = 2 LIMIT 1   [ RunTime:0.0000s ]
SQL: SELECT * FROM `ttxw_sysuser` WHERE `role_id` = 2 LIMIT 0,3   [ RunTime:0.0000s ]
INFO: [ view_parse ] --START--
INFO: [ template_filter ] --START--
INFO: Run Behavior\ContentReplaceBehavior [ RunTime:0.000000s ]
INFO: [ template_filter ] --END-- [ RunTime:0.000000s ]
NOTIC: [8] Undefined variable: userInfo G:\xampp\htdocs\ttxw\Runtime\Cache\Home\b79dcc1c18fa75f62e47004c6590610c.php 第 92 行.
NOTIC: [8] Undefined variable: userInfo G:\xampp\htdocs\ttxw\Runtime\Cache\Home\b79dcc1c18fa75f62e47004c6590610c.php 第 96 行.
NOTIC: [8] Undefined variable: userInfo G:\xampp\htdocs\ttxw\Runtime\Cache\Home\b79dcc1c18fa75f62e47004c6590610c.php 第 102 行.
NOTIC: [8] Undefined variable: userInfo G:\xampp\htdocs\ttxw\Runtime\Cache\Home\b79dcc1c18fa75f62e47004c6590610c.php 第 108 行.
INFO: Run Behavior\ParseTemplateBehavior [ RunTime:0.036002s ]
INFO: [ view_parse ] --END-- [ RunTime:0.036002s ]
INFO: [ view_filter ] --START--
INFO: Run Behavior\WriteHtmlCacheBehavior [ RunTime:0.001001s ]
INFO: [ view_filter ] --END-- [ RunTime:0.001001s ]
INFO: [ app_end ] --START--
INFO: Run Behavior\ShowPageTraceBehavior [ RunTime:0.001000s ]
INFO: [ app_end ] --END-- [ RunTime:0.001000s ]

[ 2018-04-24T20:29:53+08:00 ] ::1 /ttxw/index.php/Home/Column/Column_index
INFO: [ app_init ] --START--
INFO: Run Behavior\BuildLiteBehavior [ RunTime:0.000000s ]
INFO: [ app_init ] --END-- [ RunTime:0.001000s ]
INFO: [ app_begin ] --START--
INFO: Run Behavior\ReadHtmlCacheBehavior [ RunTime:0.001000s ]
INFO: [ app_begin ] --END-- [ RunTime:0.001000s ]
SQL: SHOW COLUMNS FROM `ttxw_column` [ RunTime:0.0330s ]
SQL: SHOW COLUMNS FROM `ttxw_column` [ RunTime:0.0030s ]
SQL: SELECT COUNT(*) AS tp_count FROM `ttxw_column` LIMIT 1   [ RunTime:0.0000s ]
SQL: SELECT * FROM `ttxw_column` LIMIT 0,3   [ RunTime:0.0000s ]
INFO: [ view_parse ] --START--
INFO: [ template_filter ] --START--
INFO: Run Behavior\ContentReplaceBehavior [ RunTime:0.000000s ]
INFO: [ template_filter ] --END-- [ RunTime:0.000000s ]
INFO: Run Behavior\ParseTemplateBehavior [ RunTime:0.035002s ]
INFO: [ view_parse ] --END-- [ RunTime:0.035002s ]
INFO: [ view_filter ] --START--
INFO: Run Behavior\WriteHtmlCacheBehavior [ RunTime:0.000000s ]
INFO: [ view_filter ] --END-- [ RunTime:0.001000s ]
INFO: [ app_end ] --START--
INFO: Run Behavior\ShowPageTraceBehavior [ RunTime:0.000000s ]
INFO: [ app_end ] --END-- [ RunTime:0.001000s ]

[ 2018-04-24T20:29:54+08:00 ] ::1 /ttxw/index.php/Home/News/News_index
INFO: [ app_init ] --START--
INFO: Run Behavior\BuildLiteBehavior [ RunTime:0.000000s ]
INFO: [ app_init ] --END-- [ RunTime:0.000000s ]
INFO: [ app_begin ] --START--
INFO: Run Behavior\ReadHtmlCacheBehavior [ RunTime:0.001000s ]
INFO: [ app_begin ] --END-- [ RunTime:0.001000s ]
SQL: SHOW COLUMNS FROM `ttxw_sysuser` [ RunTime:0.0030s ]
SQL: SELECT * FROM `ttxw_sysuser` WHERE `sysu_account` = 'admin'  [ RunTime:0.0000s ]
SQL: SHOW COLUMNS FROM `ttxw_news` [ RunTime:0.0420s ]
SQL: SHOW COLUMNS FROM `ttxw_news` [ RunTime:0.0040s ]
SQL: SELECT COUNT(*) AS tp_count FROM `ttxw_news` WHERE ttxw_news.del_flag = 0 LIMIT 1   [ RunTime:0.0280s ]
SQL: SELECT ttxw_sysuser.sysu_name sname,ttxw_column.column_name cname,ttxw_news.news_id news_id,ttxw_news.news_date news_date,ttxw_news.news_title news_title,ttxw_news.news_content news_content,ttxw_news.del_flag del_flag FROM `ttxw_news` INNER JOIN ttxw_column ON ttxw_column.column_id = ttxw_news.column_id INNER JOIN ttxw_sysuser ON ttxw_sysuser.sysu_id = ttxw_news.sysu_id  WHERE ttxw_news.del_flag = 0 ORDER BY ttxw_news.news_date desc LIMIT 0,3   [ RunTime:0.0560s ]
SQL: SHOW COLUMNS FROM `ttxw_column` [ RunTime:0.0030s ]
SQL: SELECT * FROM `ttxw_column`  [ RunTime:0.0010s ]
SQL: SELECT * FROM `ttxw_sysuser` WHERE ( role_id = 2 )  [ RunTime:0.0000s ]
NOTIC: [8] Undefined variable: content G:\xampp\htdocs\ttxw\Application\Home\Controller\NewsController.class.php 第 55 行.
INFO: [ view_parse ] --START--
INFO: [ template_filter ] --START--
INFO: Run Behavior\ContentReplaceBehavior [ RunTime:0.000000s ]
INFO: [ template_filter ] --END-- [ RunTime:0.000000s ]
INFO: Run Behavior\ParseTemplateBehavior [ RunTime:0.030002s ]
INFO: [ view_parse ] --END-- [ RunTime:0.030002s ]
INFO: [ view_filter ] --START--
INFO: Run Behavior\WriteHtmlCacheBehavior [ RunTime:0.000000s ]
INFO: [ view_filter ] --END-- [ RunTime:0.000000s ]
INFO: [ app_end ] --START--
INFO: Run Behavior\ShowPageTraceBehavior [ RunTime:0.001000s ]
INFO: [ app_end ] --END-- [ RunTime:0.001000s ]

[ 2018-04-24T20:29:55+08:00 ] ::1 /ttxw/index.php/Home/SysUser/SysUser_index
INFO: [ app_init ] --START--
INFO: Run Behavior\BuildLiteBehavior [ RunTime:0.000000s ]
INFO: [ app_init ] --END-- [ RunTime:0.000000s ]
INFO: [ app_begin ] --START--
INFO: Run Behavior\ReadHtmlCacheBehavior [ RunTime:0.000000s ]
INFO: [ app_begin ] --END-- [ RunTime:0.001000s ]
SQL: SHOW COLUMNS FROM `ttxw_sysuser` [ RunTime:0.0030s ]
SQL: SELECT ttxw_sysuser.sysu_name sname,ttxw_sysuser.sysu_account account,ttxw_sysuser.sysu_id sid,ttxw_sysuser.sysu_pwd sysu_pwd,ttxw_sysuser.sysu_photo sphoto,ttxw_sysuser.comment comment,ttxw_sysuser.sysu_date sdate,ttxw_role.role_name role_name FROM `ttxw_sysuser` INNER JOIN ttxw_role ON ttxw_sysuser.role_id = ttxw_role.role_id  WHERE ttxw_sysuser.sysu_account = 'admin'  [ RunTime:0.0000s ]
INFO: [ view_parse ] --START--
INFO: [ template_filter ] --START--
INFO: Run Behavior\ContentReplaceBehavior [ RunTime:0.000000s ]
INFO: [ template_filter ] --END-- [ RunTime:0.000000s ]
NOTIC: [8] Undefined index: id G:\xampp\htdocs\ttxw\Runtime\Cache\Home\a04e81724fe3add932493fed6968e52a.php 第 114 行.
NOTIC: [8] Undefined index: name G:\xampp\htdocs\ttxw\Runtime\Cache\Home\a04e81724fe3add932493fed6968e52a.php 第 124 行.
NOTIC: [8] Undefined index: email G:\xampp\htdocs\ttxw\Runtime\Cache\Home\a04e81724fe3add932493fed6968e52a.php 第 130 行.
NOTIC: [8] Undefined index: phone G:\xampp\htdocs\ttxw\Runtime\Cache\Home\a04e81724fe3add932493fed6968e52a.php 第 137 行.
NOTIC: [8] Undefined variable: info G:\xampp\htdocs\ttxw\Runtime\Cache\Home\a04e81724fe3add932493fed6968e52a.php 第 143 行.
NOTIC: [8] Undefined index: id G:\xampp\htdocs\ttxw\Runtime\Cache\Home\a04e81724fe3add932493fed6968e52a.php 第 166 行.
INFO: Run Behavior\ParseTemplateBehavior [ RunTime:0.049003s ]
INFO: [ view_parse ] --END-- [ RunTime:0.049003s ]
INFO: [ view_filter ] --START--
INFO: Run Behavior\WriteHtmlCacheBehavior [ RunTime:0.000000s ]
INFO: [ view_filter ] --END-- [ RunTime:0.000000s ]
INFO: [ app_end ] --START--
INFO: Run Behavior\ShowPageTraceBehavior [ RunTime:0.001000s ]
INFO: [ app_end ] --END-- [ RunTime:0.001000s ]

[ 2018-04-24T20:31:37+08:00 ] ::1 /ttxw/index.php/Home/Comment/Comment_index
INFO: [ app_init ] --START--
INFO: Run Behavior\BuildLiteBehavior [ RunTime:0.000000s ]
INFO: [ app_init ] --END-- [ RunTime:0.000000s ]
INFO: [ app_begin ] --START--
INFO: Run Behavior\ReadHtmlCacheBehavior [ RunTime:0.000000s ]
INFO: [ app_begin ] --END-- [ RunTime:0.000000s ]
SQL: SHOW COLUMNS FROM `ttxw_comment` [ RunTime:0.0300s ]
NOTIC: [8] Undefined variable: total G:\xampp\htdocs\ttxw\Application\Home\Model\CommentModel.class.php 第 19 行.
SQL: SHOW COLUMNS FROM `ttxw_comment` [ RunTime:0.0030s ]
SQL: SELECT ttxw_comment.comment_content content,ttxw_news.news_title title,ttxw_user.user_name uname,ttxw_comment.comment_date comment_date,ttxw_comment.comment_id cid,ttxw_comment.del_flag del_flag FROM `ttxw_comment` INNER JOIN ttxw_news ON ttxw_comment.news_id = ttxw_news.news_id INNER JOIN ttxw_user ON ttxw_user.user_id = ttxw_comment.user_id  WHERE ttxw_comment.del_flag = 0 LIMIT 0,3   [ RunTime:0.0000s ]
INFO: [ view_parse ] --START--
INFO: [ template_filter ] --START--
INFO: Run Behavior\ContentReplaceBehavior [ RunTime:0.000000s ]
INFO: [ template_filter ] --END-- [ RunTime:0.000000s ]
INFO: Run Behavior\ParseTemplateBehavior [ RunTime:0.037003s ]
INFO: [ view_parse ] --END-- [ RunTime:0.037003s ]
INFO: [ view_filter ] --START--
INFO: Run Behavior\WriteHtmlCacheBehavior [ RunTime:0.001000s ]
INFO: [ view_filter ] --END-- [ RunTime:0.001000s ]
INFO: [ app_end ] --START--
INFO: Run Behavior\ShowPageTraceBehavior [ RunTime:0.001000s ]
INFO: [ app_end ] --END-- [ RunTime:0.001000s ]

